[    0.000000] Intiizing cgou sbsys cpuset
[    0.00000] Iitalizin cgrupsuys cpu
[   0.00000 Itializing cgroup susycpuacct
[  0.00000] Lnuversin .4.0-101-eneric (bil@ly0-amd4-6) (g vrsion5..0016069 Ubntu 5..0ubuntu1~16.04.5) ) #12-Untu SMP i ov10 18:9:9 C 2017 Ubtu 4.4.0-101.124-generic 4.4.95)
[    0.000000] Command line: BOOT_IMAGE=/boot/mlnu-44.0-10-genri roo=LEL=cludig-oofs ro onole=ty1 cosole=ttyS0
[   .00000] ERELsuppotecpus:[   00000]   Inte GenuineIte
[   0.0000   AMD AuthenticAMD
[    0.000000]   Centaur CentaurHauls
[    0.000000]x86/fp: tae_offset[: 76, stte_szes[2]: 56
[   0.0000] 86/fpu: Spprtg XSA fatre 0x: x87 floatingpontegister'[    0.00000]x8/fu:uppoti XAV feature 0x0: 'SE registers'
[    0.000000] x86/fpu: Supporting XSAVE feature 0x04: 'AVX registers'
[    0.000000] x86/fpu: Enabled xstate features 0x7, context size is 832 bytes, using 'standard' format.
[    0.000000] x86/fpu: Using 'lazy' FPU context switches.
[    0.000000] e820: BIOS-provided physical RAM map:
[    0.000000] BIOS-e820: [mem 0x0000000000000000-0x000000000009fbff] usable
[    0.000000] BIOS-e820: [mem 0x000000000009fc00-0x000000000009ffff] resrvd
[   0.00000]BIS-e820[mm 0x0000000f0000x000000000fffff rered
[    .000] BIS-820:[mm 0x0000000010000-000000007fefff] usble   0.000]BIOS-e820:[mm 000000007ff0000-0x00000007ffffff]AC data
[    0.000000] BIOSe820[mm 0x000000ffc000-0x000000ffffff]reerved
[    0.0000]NX (xeteDisable) rotection: ativ
[    0.000000] SMBIOS 2.5 present.
[    0.000000] Hypervisor detected: KVM
[    0.000000] e820: last_pfn = 0x7fff0 max_arch_pfn = 0x400000000
[    0.000000] MTRR: Disabled
[    0.000000] x86/PAT: MTRRs disabled, skipping PAT initialization too.
[    0.000000] CPU MTRRs all blank - virtualized system.
[    0.000000] x86/PAT: Configurtion0-]:WB  WT  U- U    WT  C-C  
[    0.000000] found SMP MP-table at [mem 0x0009fff0-0x0009ffff] mapped at [ffff88000009fff0]
[    0.000000] Scanning 1 areas for low memory corruption
[    0.000] RMDSK [mem 0x36abc000-0x37555fff]
[    0.000000] ACPI: Early table checksum verification disabled
[    000000] ACPI RP x00000000E0000 004 v02 VBO  
[    0.00000] CP XDT 0x0000007FF0030 0000C (v01 VBX VBXXSD 0000001 SL  00061)
[    00000 ACPI: FAP x00000007FFF00F0 0000F4 (v04 VBOX   VBOXFACP 000001 ASL 000061)
   0.000000] ACP: DSDT 0x000000007FFF0470 00210(v1 VBOX  VBOXBIOS 00000002 INTL 20100528)
[    0.000000 ACI: FACS 0x0000007FFF0200 00000
[    .0000] ACPI: FCS 0x00000007FF200000040
[    0.000000] ACPI: APIC 0x00000000FFF24 0005C v02 VBOX   VBOXAPIC 0000 AS 0000061)[  0.0000] ACP: SDT 0x000000007FFF02A0 0001CC (v01 VBOX   VBOXCPUT 00000002 INTL 20100528)
[    0.000000] No NUMA configuration found
[    0.000000] Faking a node at [mem 0x0000000000000000-0x000000007ffeffff]
[    0.000000] NODE_DATA(0) allocated [mem 0x7ffeb000-0x7ffeffff]
[    0.000000] kvm-clock: Using msrs 4b564d01 and 4b564d00[  0.0000]vm-cck cu 0, mr 7fe3001 primary cpu coc
[   00000] kvm-clock: using sched offet of 3539700995 cycles
[    0.000000] clocksource: kvm-clock: mask: 0xffffffffffffffff max_cycles: 0x1cd42e4dffb, max_idle_ns: 881590591483 ns
[    0.000000] Zone ranges:
[    0.000000]   DMA      [mem 0x0000000000001000-0x0000000000ffffff]
[    0.000000]   DMA32    [mem 0x0000000001000000-0x000000007ffeffff]
[    0.000000]   Normal   empty
[    0.000]   Devic   ept
    0.000] Moabe on stat fo each od
[    .000] Early mmoy de ranes
[    0.00000]   node  0[mem 0x00000000010000x000000009eff
[   0.00000  ode  0:me 0x000000000000-0x000007fefff]
[    0.000000] Initmem setup node 0 [mem 0x0000000000001000-0x000000007ffefff]
[  000000] AI:M-TimerIOPo: 0x408
[   0.00000 IPIC[]:apc_d 2, veio 17, addes 0xfe0000 GS 0-2
[    0.000000] ACPI: INT_SRC_OVR (bus 0 bus_irq 0 global_irq 2 dfl dfl)
[  0.00000] CP INT_RCOVR(bus 0 busir9 lobal_irq  high lve)
[  000000] UinACI (MAD) for SM cnfguratonnfrmaton
[   .000000]mpoot:llwig 2 CPs, htplugCPs[    0.000000] : Registered osvve mor: mem 000000000-0x0000f]
    0.0000] PM: Regisred osave emry [em 0x00900-000fff]
   0.0000] PM:Reisered nosave memory: [mem 0x000a0000-0000efff
    0.0000] PM: Rgistered nosave memory: [mem 0x000f0000-0x000fffff]
[    0.000000] e820: [mem 0x8000000xfffff] valableorPC devce
   0.000000 Bootin pravirtaled krnel on M[    0.000] lockurc: efne-jifis: mask: 0fffffff max_cycles: 0xfffffff, max_idle_s:6451960021568 
    0.0000 setup_prcpu: NR_PU:52 r_cpuas_bts512 ncpids:2nrnoe_ids:1
[  0.000000] PERCU:Emedde34paes/cpu@fff807fc000 9832r82 d32744u14856
[  00000] V qpilock ha tble entries: 25 (orer0, 496byes
[   .0000] uit zonest in Nodeorermobili gouingon Ttal pags:5161
[  0.0000] oliy zone: MA
[    00000] Kenel oman lin: OO_IMAGE/botmlinuz4.4.0101-enerc root=LAELcludimg-rootfsro console=tty1 console=ttyS0
[    0.000000] PID hash table entries: 4096 (order: 3, 3278 tes)
[    0.00000]Meory: 203390K/09696K available (844Kerel code, 1294K rda, 3988K oda,1492Kinit, 1316Kbs, 279K served 0K cma-rseed)
[   00000] SLUB: HWalgn4,Order=0-3, MinObecs=, PU=2Nodes=1    .000] HiaricalCUimplemntion.
[    .00000] Buil-time adjustment o laf fanout t 6.[   0.0000 	RCU esricting CPUs from NR_CPUS=512 to nr_cpu_ids=2.
[   .00000]RC: djustg eometryfo r_fanot_lea=64, n_cpu_ids=2
  0.00000] NR_RQS:30 nr_rq:44 16
[    0.000000] Console: colour VGA+ 80x25
[    0.000000] console [tty1] enabled
[    0.000000] console [ttyS0] enabled
[    0.000000] tsc: Detected 2294.688 MHz processor
[   13.039450] Calibrating delay loop (skipped) preset value.. 4589.37 BogoMIPS (lpj=9178752)
[   13.111216] pid_max: default: 32768 minimum: 301
[   13.127599] ACPI: Core revision 20150930
[   13.129156] ACPI: 2 ACPI AML tables successfully acquired and loaded
[   13.130344] Security Framework initialized
[   13.163852] Yama: becoming mindful.
[   13.183380] AppArmor: AppArmor initialized
[   13.242150] Dentry cache hash table entries: 262144 (order: 9, 2097152 bytes)
[   13.291899] Inode-cache hash table entries: 131072 (order: 8, 1048576 bytes)
[   13.388549] Mount-cache hash table entries: 4096 (order: 3, 32768 bytes)
[   13.436231] Mountpoint-cache hash table entries: 4096 (order: 3, 32768 bytes)
[   13.509894] Initializing cgroup subsys io
[   13.527914] Initializing cgroup subsys memory
[   13.528718] Initializing cgroup subsys devices
[   13.529531] Initializing cgroup subsys freezer
[   13.530356] Initializing cgroup subsys net_cls
[   13.555051] Initializing cgroup subsys perf_event
[   13.620043] Initializing cgroup subsys net_prio
[   13.620861] Initializing cgroup subsys hugetlb
[   13.621658] Initializing cgroup subsys pids
[   13.622504] CPU: Physical Processor ID: 0
[   13.623278] CPU: Processor Core ID: 0
[   13.624711] mce: CPU supports 0 MCE banks
[   13.625508] Last level iTLB entries: 4KB 1024, 2MB 1024, 4MB 1024
[   13.626599] Last level dTLB entries: 4KB 1024, 2MB 1024, 4MB 1024, 1GB 4
[   13.629357] Freeing SMP alternatives memory: 32K
[   13.695665] ftrace: allocating 32156 entries in 126 pages
[   13.817354] smpboot: APIC(0) Converting physical 0 to logical package 0
[   13.901261] smpboot: Max logical packages: 1
[   13.957887] ..TIMER: vector=0x30 apic1=0 pin1=2 apic2=-1 pin2=-1
[   14.143777] APIC calibration not consistent with PM-Timer: 101ms instead of 100ms
[   14.237929] APIC delta adjusted to PM-Timer: 6249763 (6327599)
[   14.319792] smpboot: CPU0: Intel(R) Core(TM) i7-4850HQ CPU @ 2.30GHz (family: 0x6, model: 0x46, stepping: 0x1)
[   14.417073] Performance Events: unsupported p6 CPU model 70 no PMU driver, software events only.
[   14.497952] KVM setup paravirtual spinlock
[   14.499315] x86: Booting SMP configuration:
[   14.500162] .... node  #0, CPUs:      #1
[   14.555875] kvm-clock: cpu 1, msr 0:7ffe3041, secondary cpu clock
[   14.572186] mce: CPU supports 0 MCE banks
[   14.581785] x86: Booted up 1 node, 2 CPUs
[   14.635867] smpboot: Total of 2 processors activated (9178.75 BogoMIPS)
[   14.676840] devtmpfs: initialized
[   14.678728] evm: security.selinux
[   14.679390] evm: security.SMACK64
[   14.680077] evm: security.SMACK64EXEC
[   14.722362] evm: security.SMACK64TRANSMUTE
[   14.745672] evm: security.SMACK64MMAP
[   14.759637] evm: security.ima
[   14.760270] evm: security.capability
[   14.761206] clocksource: jiffies: mask: 0xffffffff max_cycles: 0xffffffff, max_idle_ns: 7645041785100000 ns
[   14.834458] futex hash table entries: 512 (order: 3, 32768 bytes)
[   14.853198] pinctrl core: initialized pinctrl subsystem
[   14.912226] RTC time: 11:30:35, date: 11/28/17
[   14.934301] NET: Registered protocol family 16
[   14.963894] cpuidle: using governor ladder
[   15.011830] cpuidle: using governor menu
[   15.034359] PCCT header not found.
[   15.051936] ACPI: bus type PCI registered
[   15.052685] acpiphp: ACPI Hot Plug PCI Controller Driver version: 0.5
[   15.053845] PCI: Using configuration type 1 for base access
[   15.065606] ACPI: Added _OSI(Module Device)
[   15.095517] ACPI: Added _OSI(Processor Device)
[   15.124412] ACPI: Added _OSI(3.0 _SCP Extensions)
[   15.138827] ACPI: Added _OSI(Processor Aggregator Device)
[   15.195443] ACPI: Executed 1 blocks of module-level executable AML code
[   15.236459] ACPI: Interpreter enabled
[   15.242392] ACPI: (supports S0 S5)
[   15.244509] ACPI: Using IOAPIC for interrupt routing
[   15.245521] PCI: Using host bridge windows from ACPI; if necessary, use "pci=nocrs" and report a bug
[   15.293385] ACPI: PCI Root Bridge [PCI0] (domain 0000 [bus 00-ff])
[   15.327961] acpi PNP0A03:00: _OSC: OS supports [ASPM ClockPM Segments MSI]
[   15.380520] acpi PNP0A03:00: _OSC failed (AE_NOT_FOUND); disabling ASPM
[   15.426723] acpi PNP0A03:00: fail to add MMCONFIG information, can't access extended PCI configuration space under this bridge.
[   15.496378] PCI host bridge to bus 0000:00
[   15.523519] pci_bus 0000:00: root bus resource [io  0x0000-0x0cf7 window]
[   15.545500] pci_bus 0000:00: root bus resource [io  0x0d00-0xffff window]
[   15.554865] pci_bus 0000:00: root bus resource [mem 0x000a0000-0x000bffff window]
[   15.594315] pci_bus 0000:00: root bus resource [mem 0x80000000-0xffdfffff window]
[   15.640779] pci_bus 0000:00: root bus resource [bus 00-ff]
[   15.643431] pci 0000:00:01.1: legacy IDE quirk: reg 0x10: [io  0x01f0-0x01f7]
[   15.702363] pci 0000:00:01.1: legacy IDE quirk: reg 0x14: [io  0x03f6]
[   15.730604] pci 0000:00:01.1: legacy IDE quirk: reg 0x18: [io  0x0170-0x0177]
[   15.731754] pci 0000:00:01.1: legacy IDE quirk: reg 0x1c: [io  0x0376]
[   15.766201] ACPI: PCI Interrupt Link [LNKA] (IRQs 5 9 10 11) *0, disabled.
[   15.814519] ACPI: PCI Interrupt Link [LNKB] (IRQs 5 9 10 *11)
[   15.859049] ACPI: PCI Interrupt Link [LNKC] (IRQs 5 9 *10 11)
[   15.895903] ACPI: PCI Interrupt Link [LNKD] (IRQs 5 *9 10 11)
[   15.908950] ACPI: Enabled 2 GPEs in block 00 to 07
[   15.940141] vgaarb: setting as boot device: PCI:0000:00:02.0
[   15.989655] vgaarb: device added: PCI:0000:00:02.0,decodes=io+mem,owns=io+mem,locks=none
[   16.053876] vgaarb: loaded
[   16.067261] vgaarb: bridge control possible 0000:00:02.0
[   16.118835] SCSI subsystem initialized
[   16.150537] ACPI: bus type USB registered
[   16.162106] usbcore: registered new interface driver usbfs
[   16.172551] usbcore: registered new interface driver hub
[   16.173504] usbcore: registered new device driver usb
[   16.174677] PCI: Using ACPI for IRQ routing
[   16.175706] NetLabel: Initializing
[   16.214214] NetLabel:  domain hash size = 128
[   16.250051] NetLabel:  protocols = UNLABELED CIPSOv4
[   16.295696] NetLabel:  unlabeled traffic allowed by default
[   16.298088] amd_nb: Cannot enumerate AMD northbridges
[   16.299037] clocksource: Switched to clocksource kvm-clock
[   1.300] AppArmor: AppArmor Filesyste Ebld
[  16.5515] p:nPACI ini
  6.7943 pp:PnACI:fod  dics
[   17.227281] clocksource: acpi_pm: mask: 0xffffff max_cycles: 0xffffff, max_idle_ns: 2085701024 ns
[   17.280821] NET: Registered protocol family 2
[   17.291786] TCP established hash table entries: 16384 (order: 5, 131072 bytes)
[   17.313691] TCP bind hash table entries: 16384 (order: 6, 262144 bytes)
[   17.374111] TCP: Hash tables configured (established 16384 bind 16384)
[   17.391922] UDP hash table entries: 1024 (order: 3, 32768 bytes)
[   17.407321] UDP-Lite hash table entries: 1024 (order: 3, 32768 bytes)
[   17.408417] NET: Registered protocol family 1
[   17.409208] pci 0000:00:00.0: Limiting direct PCI/PCI transfers
[   17.410171] pci 0000:00:01.0: Activating ISA DMA hang workarounds
[   17.411270] Unpacking initramfs...
[   19.214004] Freeing initrd memory: 10856K
[   19.237475] platform rtc_cmos: registered platform RTC device (no PNP device found)
[   19.265478] Scanning for low memory corruption every 60 seconds
[   19.314215] audit: initializing netlink subsys (disabled)
[   19.335084] audit: type=2000 audit(1511868629.398:1): initialized
[   19.353312] Initialise system trusted keyring
[   19.379264] HugeTLB registered 2 MB page size, pre-allocated 0 pages
[   19.430164] zbud: loaded
[   19.440601] VFS: Disk quotas dquot_6.6.0
[   19.476091] VFS: Dquot-cache hash table entries: 512 (order 0, 4096 bytes)
[   19.514858] squashfs: version 4.0 (2009/01/31) Phillip Lougher
[   19.537702] fuse init (API version 7.23)
[   19.582141] Key type big_key registered
[   19.589271] Allocating IMA MOK and blacklist keyrings.
[   19.613250] Key type asymmetric registered
[   19.623832] Asymmetric key parser 'x509' registered
[   19.626490] Block layer SCSI generic (bsg) driver version 0.4 loaded (major 249)
[   19.682751] io scheduler noop registered
[   19.695537] io scheduler deadline registered (default)
[   19.710296] io scheduler cfq registered
[   19.764931] pci_hotplug: PCI Hot Plug PCI Core version: 0.5
[   19.790174] pciehp: PCI Express Hot Plug Controller Driver version: 0.4
[   19.829731] ACPI: AC Adapter [AC] (on-line)
[   19.864570] input: Power Button as /devices/LNXSYSTM:00/LNXPWRBN:00/input/input0
[   19.900657] ACPI: Power Button [PWRF]
[   19.916006] input: Sleep Button as /devices/LNXSYSTM:00/LNXSLPBN:00/input/input1
[   19.948995] ACPI: Sleep Button [SLPF]
[   19.962274] GHES: HEST is not enabled!
[   19.963695] ACPI: Battery Slot [BAT0] (battery present)
[   20.025682] Serial: 8250/16550 driver, 32 ports, IRQ sharing enabled
[   20.101333] 00:02: ttyS0 at I/O 0x3f8 (irq = 4, base_baud = 115200) is a 16550A
[   20.124419] Linux agpgart interface v0.103
[   20.127232] loop: module loaded
[   20.152912] scsi host0: ata_piix
[   20.180778] scsi host1: ata_piix
[   20.192699] ata1: PATA max UDMA/33 cmd 0x1f0 ctl 0x3f6 bmdma 0xd000 irq 14
[   20.208077] ata2: PATA max UDMA/33 cmd 0x170 ctl 0x376 bmdma 0xd008 irq 15
[   20.226965] libphy: Fixed MDIO Bus: probed
[   20.266997] tsc: Refined TSC clocksource calibration: 2294.708 MHz
[   20.298851] clocksource: tsc: mask: 0xffffffffffffffff max_cycles: 0x2113ade664b, max_idle_ns: 440795207008 ns
[   20.298892] tun: Universal TUN/TAP device driver, 1.6
[   20.298892] tun: (C) 1999-2004 Max Krasnyansky <maxk@qualcomm.com>
[   20.362477] PPP generic driver version 2.4.2
[   20.362619] ehci_hcd: USB 2.0 'Enhanced' Host Controller (EHCI) Driver
[   20.362626] ehci-pci: EHCI PCI platform driver
[   20.362650] ehci-platform: EHCI generic platform driver
[   20.362659] ohci_hcd: USB 1.1 'Open' Host Controller (OHCI) Driver
[   20.362663] ohci-pci: OHCI PCI platform driver
[   20.362672] ohci-platform: OHCI generic platform driver
[   20.362678] uhci_hcd: USB Universal Host Controller Interface driver
[   20.362735] i8042: PNP: PS/2 Controller [PNP0303:PS2K,PNP0f03:PS2M] at 0x60,0x64 irq 1,12
[   20.363341] serio: i8042 KBD port at 0x60,0x64 irq 1
[   20.363346] serio: i8042 AUX port at 0x60,0x64 irq 12
[   20.363481] mousedev: PS/2 mouse device common for all mice
[   20.364559] input: AT Translated Set 2 keyboard as /devices/platform/i8042/serio0/input/input2
[   20.365085] rtc_cmos rtc_cmos: rtc core: registered rtc_cmos as rtc0
[   20.365144] rtc_cmos rtc_cmos: alarms up to one day, 114 bytes nvram
[   20.365151] i2c /dev entries driver
[   20.365240] device-mapper: uevent: version 1.0.3
[   20.365363] device-mapper: ioctl: 4.34.0-ioctl (2015-10-28) initialised: dm-devel@redhat.com
[   20.365380] ledtrig-cpu: registered to indicate activity on CPUs
[   20.365741] NET: Registered protocol family 10
[   20.365883] NET: Registered protocol family 17
[   20.365891] Key type dns_resolver registered
[   20.366064] microcode: CPU0 sig=0x40661, pf=0x40, revision=0x0
[   20.384249] microcode: CPU1 sig=0x40661, pf=0x40, revision=0x0
[   20.384385] microcode: Microcode Update Driver: v2.01 <tigran@aivazian.fsnet.co.uk>, Peter Oruba
[   20.384541] registered taskstats version 1
[   20.384556] Loading compiled-in X.509 certificates
[   20.385225] Loaded X.509 cert 'Build time autogenerated kernel key: f91c6829a34a801956ec6287af569c0a1f1f8d39'
[   20.385256] zswap: loaded using pool lzo/zbud
[   20.387002] Key type trusted registered
[   20.390299] Key type encrypted registered
[   20.390306] AppArmor: AppArmor sha1 policy hashing enabled
[   20.390309] ima: No TPM chip found, activating TPM-bypass!
[   20.390329] evm: HMAC attrs: 0x1
[   20.390726]   Magic number: 9:778:530
[   20.390740] tty ttyS10: hash matches
[   20.403322] rtc_cmos rtc_cmos: setting system clock to 2017-11-28 11:30:40 UTC (1511868640)
[   20.403467] BIOS EDD facility v0.16 2004-Jun-25, 0 devices found
[   20.403467] EDD information not available.
[   21.429516] Freeing unused kernel memory: 1492K
[   21.430329] Write protecting the kernel read-only data: 14336k
[   21.431800] Freeing unused kernel memory: 1744K
[   21.432937] Freeing unused kernel memory: 108K
Loading, please wait...
[   21.446115] random: systemd-udevd: uninitialized urandom read (16 bytes read, 3 bits of entropy available)
starting version[   21.446652] random: udevadm: uninitialized urandom read (16 bytes read, 3 bits of entropy available)
 229
[   21.446666] random: udevadm: uninitialized urandom read (16 bytes read, 3 bits of entropy available)
[   21.452901] random: udevadm: uninitialized urandom read (16 bytes read, 3 bits of entropy available)
[   21.452932] random: udevadm: uninitialized urandom read (16 bytes read, 3 bits of entropy available)
[   21.453019] random: udevadm: uninitialized urandom read (16 bytes read, 3 bits of entropy available)
[   21.453051] random: udevadm: uninitialized urandom read (16 bytes read, 3 bits of entropy available)
[   21.453081] random: udevadm: uninitialized urandom read (16 bytes read, 3 bits of entropy available)
[   21.453123] random: udevadm: uninitialized urandom read (16 bytes read, 3 bits of entropy available)
[   21.453160] random: udevadm: uninitialized urandom read (16 bytes read, 3 bits of entropy available)
[   21.815333] Fusion MPT base driver 3.04.20
[   21.824856] Copyright (c) 1999-2008 LSI Corporation
[   21.910463] AVX version of gcm_enc/dec engaged.
[   21.939725] AES CTR mode by8 optimization enabled
[   21.944787] e1000: Intel(R) PRO/1000 Network Driver - version 7.3.21-k8-NAPI
[   21.945268] Fusion MPT SPI Host driver 3.04.20
[   21.986542] mptbase: ioc0: Initiating bringup
[   21.990882] e1000: Copyright (c) 1999-2006 Intel Corporation.
[   22.067378] ioc0: LSI53C1030 A0: Capabilities={Initiator}
[   22.091422] input: ImExPS/2 Generic Explorer Mouse as /devices/platform/i8042/serio1/input/input4
[   22.278544] scsi host2: ioc0: LSI53C1030 A0, FwRev=00000000h, Ports=1, MaxQ=256, IRQ=20
[   22.449032] scsi 2:0:0:0: Direct-Access     VBOX     HARDDISK         1.0  PQ: 0 ANSI: 5
[   22.509799] scsi target2:0:0: Beginning Domain Validation
[   22.532323] scsi target2:0:0: Domain Validation skipping write tests
[   22.537415] scsi target2:0:0: Ending Domain Validation
[   22.545081] scsi target2:0:0: asynchronous
[   22.560552] scsi 2:0:1:0: Direct-Access     VBOX     HARDDISK         1.0  PQ: 0 ANSI: 5
[   22.573512] scsi target2:0:1: Beginning Domain Validation
[   22.616837] scsi target2:0:1: Domain Validation skipping write tests
[   22.648503] scsi target2:0:1: Ending Domain Validation
[   22.690587] scsi target2:0:1: asynchronous
[   22.716272] sd 2:0:0:0: Attached scsi generic sg0 type 0
[   22.736007] sd 2:0:0:0: [sda] 20971520 512-byte logical blocks: (10.7 GB/10.0 GiB)
[   22.765315] sd 2:0:1:0: [sdb] 20480 512-byte logical blocks: (10.5 MB/10.0 MiB)
[   22.773895] sd 2:0:1:0: Attached scsi generic sg1 type 0
[   22.797678] sd 2:0:1:0: [sdb] Write Protect is off
[   22.809518] sd 2:0:0:0: [sda] Write Protect is off
[   22.816359] sd 2:0:0:0: [sda] Incomplete mode parameter data
[   22.823039] sd 2:0:1:0: [sdb] Incomplete mode parameter data
[   22.823040] sd 2:0:1:0: [sdb] Assuming drive cache: write through
[   22.862373] e1000 0000:00:03.0 eth0: (PCI:33MHz:32-bit) 02:44:03:e3:22:ab
[   22.862381] e1000 0000:00:03.0 eth0: Intel(R) PRO/1000 Network Connection
[   22.946968] sd 2:0:0:0: [sda] Assuming drive cache: write through
[   22.970822]  sda: sda1
[   22.981124] sd 2:0:1:0: [sdb] Attached SCSI disk
[   22.995578] sd 2:0:0:0: [sda] Attached SCSI disk
[   23.270768] e1000 0000:00:08.0 eth1: (PCI:33MHz:32-bit) 08:00:27:82:bf:f1
[   23.290720] e1000 0000:00:08.0 eth1: Intel(R) PRO/1000 Network Connection
[   23.320075] e1000 0000:00:03.0 enp0s3: renamed from eth0
[   23.406223] e1000 0000:00:08.0 enp0s8: renamed from eth1
[   24.887763] floppy0: no floppy controllers found
Begin: Loading e[   26.341206] md: linear personality registered for level -1
ssential drivers[   26.387001] md: multipath personality registered for level -4
 ... [   26.407633] md: raid0 personality registered for level 0
[   26.464117] md: raid1 personality registered for level 1
[   26.571117] raid6: sse2x1   gen()  7007 MB/s
[   26.663247] raid6: sse2x1   xor()  4289 MB/s
[   26.779459] raid6: sse2x2   gen() 10611 MB/s
[   26.903098] raid6: sse2x2   xor()  3708 MB/s
[   27.055565] raid6: sse2x4   gen() 10909 MB/s
[   27.143096] raid6: sse2x4   xor()  8200 MB/s
[   27.166779] raid6: using algorithm sse2x4 gen() 10909 MB/s
[   27.181632] raid6: .... xor() 8200 MB/s, rmw enabled
[   27.203684] raid6: using ssse3x2 recovery algorithm
[   27.252850] xor: automatically using best checksumming function:
[   27.343544]    avx       : 18501.000 MB/sec
[   27.389343] async_tx: api initialized (async)
[   27.423190] md: raid6 personality registered for level 6
[   27.476709] md: raid5 personality registered for level 5
[   27.492890] md: raid4 personality registered for level 4
[   27.527377] md: raid10 personality registered for level 10
done.
Begin: Running /scripts/init-premount ... done.
Begin: Mounting[   27.602499] Btrfs loaded
 root file system ... Begin: Running /scripts/local-top ... done.
Begin: Running /scripts/local[   27.664441] EXT4-fs (sda1): mounted filesystem with ordered data mode. Opts: (null)
-premount ... Scanning for Btrfs filesystems
done.
Warning: fsck not present, so skipping root file system
done.
Begin: Running /scripts/local-bottom ... done.
Begin: Running /scripts/init-bottom ... done.
[   27.850411] systemd[1]: systemd 229 running in system mode. (+PAM +AUDIT +SELINUX +IMA +APPARMOR +SMACK +SYSVINIT +UTMP +LIBCRYPTSETUP +GCRYPT +GNUTLS +ACL +XZ -LZ4 +SECCOMP +BLKID +ELFUTILS +KMOD -IDN)
[   27.958296] systemd[1]: Detected virtualization oracle.
[   27.979045] systemd[1]: Detected architecture x86-64.

Welcome to [1mUbuntu 16.04.3 LTS[0m!

[   28.012373] systemd[1]: Set hostname to <t2>.
[   28.206176] systemd[1]: Started Trigger resolvconf update for networkd DNS.
[[0;32m  OK  [0m] Started Trigger resolvconf update for networkd DNS.
[   28.279324] systemd[1]: Listening on LVM2 metadata daemon socket.
[[0;32m  OK  [0m] Listening on LVM2 metadata daemon socket.
[   28.363319] systemd[1]: Listening on /dev/initctl Compatibility Named Pipe.
[[0;32m  OK  [0m] Listening on /dev/initctl Compatibility Named Pipe.
[   28.443444] systemd[1]: Started Forward Password Requests to Wall Directory Watch.
[[0;32m  OK  [0m] Started Forward Password Requests to Wall Directory Watch.
[   28.539363] systemd[1]: Listening on udev Kernel Socket.
[[0;32m  OK  [0m] Listening on udev Kernel Socket.
[   28.608501] systemd[1]: Reached target User and Group Name Lookups.
[[0;32m  OK  [0m] Reached target User and Group Name Lookups.
[   28.685104] systemd[1]: Listening on Device-mapper event daemon FIFOs.
[[0;32m  OK  [0m] Listening on Device-mapper event daemon FIFOs.
[   28.755401] systemd[1]: Listening on Syslog Socket.
[[0;32m  OK  [0m] Listening on Syslog Socket.
[   28.785063] systemd[1]: Listening on Journal Socket.
[[0;32m  OK  [0m] Listening on Journal Socket.
[   28.839550] systemd[1]: Reached target Swap.
[[0;32m  OK  [0m] Reached target Swap.
[   28.887681] systemd[1]: Created slice System Slice.
[[0;32m  OK  [0m] Created slice System Slice.
[   28.951716] systemd[1]: Mounting POSIX Message Queue File System...
         Mounting POSIX Message Queue File System...
[   29.031406] systemd[1]: Starting Remount Root and Kernel File Systems...
[   29.034299] EXT4-fs (sda1): re-mounted. Opts: (null)
         Starting Remount Root and Kernel File Systems...
[   29.091990] systemd[1]: Starting Create list of required static device nodes for the current kernel...
         Starting Create list of required st... nodes for the current kernel...
[   29.183956] systemd[1]: Starting Load Kernel Modules...
[   29.207198] Loading iSCSI transport class v2.0-870.
         Starting Load Kernel Modules...
[   29.453490] systemd[1]: Starting Set console keymap...
         Startin[   29.487695] iscsi: registered transport (tcp)
g Set console keymap...
[   29.531238] systemd[1]: Mounting Debug File System...
         Mountin[   29.551293] iscsi: registered transport (iser)
g Debug File System...
[   29.619445] systemd[1]: Starting Monitoring of LVM2 mirrors, snapshots etc. using dmeventd or progress polling...
         Starting Monitoring of LVM2 mirrors... dmeventd or progress polling...
[   29.787355] systemd[1]: Starting Uncomplicated firewall...
[   29.825195] random: nonblocking pool is initialized
         Starting Uncomplicated firewall...
[   29.912144] stemd[1]: Ltening on udev Contrl Sckt.

[[0;32m  OK  [0m] Listening on udev Control Socket.
[   30.243665] systemd[1]: Starting Nameserver information manager...
         Starting Nameserver information manager...
[   30.343417] systemd[1]: Mounting Huge Pages File System...
         Mounting Huge Pages File System...
[   30.418994] systemd[1]: Listening on Journal Socket (/dev/log).
[[0;32m  OK  [0m] Listening on Journal Socket (/dev/log).
[  30.491446] systemd[1]: Reached taet ncrypted oles
[[0;32m  OK  [0m] Reached target Encrypted Volumes.
[   0.734]sytemd[1]:Litengn JurnalAudit Soke.
[[0;32m  OK  [0m] Listening on Journal Audit Socket.
[   31.285947] systemd[1]: Starting Journal Service...
         Starting Journal Service...
[   31.335497] systemd[1]: Created slice User and Session Slice.
[[0;32m  OK  [0m] Created slice User and Session Slice.
[   31.415868] sstemd]:eahed target lis.
[[0;32m  OK  [0m] Reached target Slices.
[  318365 sstem[1: Cead icsystem-seria\x2dgtt.sce.

[[0;32m  OK  [0m] Created slice system-serial\x2dgetty.slice.
[   32.350378] systemd[1]: Set up automount Arbitrary Executable File Formats File System Automount Point.
[[0;32m  OK  [0m] Set up automount Arbitrary Executab...ats File System Automount Point.
[   32.353548] systemd[1]: Listening on LVM2 poll daemon socket.
[[0;32m  OK  [0m] Listening on LVM2 poll daemon socket.
[   32.407711] systemd[1]: Mounted POSIX Message Queue File System.
[[0;32m  OK  [0m] Mounted POSIX Message Queue File System.
[   32.521494] systemd[1]: Mounted Debug File System.
[[0;32m  OK  [0m] Mounted Debug File System.
[   32.523812] systemd[1]: Mounted Huge Pages File System.
[[0;32m  OK  [0m] Mounted Huge Pages File System.
[   32.60816] ysmd]:Started Journal Sevie.
[[0;32m  OK  [0m] Started Journal Service.
[[0;32m  OK  [0m] Started Remount Root and Kernel File Systems.
[[0;32m  OK  [0m] Started Create list of required sta...ce nodes for the current kernel.
[[0;32m  OK  [0m] Started Load Kernel Modules.
[[0;32m  OK  [0m] Started Set console keymap.
[[0;32m  OK  [0m] Started Uncomplicated firewall.
[[0;32m  OK  [0m] Started Nameserver information manager.
[[0;32m  OK  [0m] Started LVM2 metadata daemon.
         Starting Apply Kernel Variables...
         Mounting FUSE Control File System...
         Starting Create Static Device Nodes in /dev...
         Starting udev Coldplug all Devices...
         Starting Load/Save Random Seed...
         Starting Initial cloud-init job (pre-networking)...
         Starting Flush Journal to Persistent Storage...
[[0;32m  OK  [0m] Mounted FUSE Control File System.
[[0;32m  OK  [0m] Started Apply Kernel Variables.
[[0;32m  OK  [0m] Started Create Static Device Nodes in /dev.
[[0;32m  OK  [0m] Started Load/Save Random Seed.
[[0;32m  OK  [0m] Started udev Coldplug all Devices.
[[0;32m  OK  [0m] Started Monitoring of LVM2 mirrors,...ng dmeventd or progress polling.
[[0;32m  OK  [0m] Started Flush Journal to Persistent Storage.
         Starting udev Kernel Device Manager...
[[0;32m  OK  [0m] Started udev Kernel Device Manager.
[[0;32m  OK  [0m] Reached target Local File Systems (Pre).
[[0;32m  OK  [0m] Reached target Local File Systems.
         Starting LSB: AppArmor initialization...
         Starting Create Volatile Files and Directories...
         Starting Set console font and keymap...
         Starting Tell Plymouth To Write Out Runtime Data...
[[0;32m  OK  [0m] Started Dispatch Password Requests to Console Directory Watch.
[[0;32m  OK  [0m] Started Create Volatile Files and Directories.
[[0;32m  OK  [0m] Started Tell Plymouth To Write Out Runtime Data.
[   18.701506] cloud-init[456]: Cloud-init v. 17.1 running 'init-local' at Tue, 28 Nov 2017 11:30:54 +0000. Up 18.28 seconds.
[[0;32m  OK  [0m] Started Initial cloud-init job (pre-networking).
[[0;32m  OK  [0m] Found device /dev/ttyS0.
[[0;32m  OK  [0m] Listening on Load/Save RF Kill Switch Status /dev/rfkill Watch.
[[0;32m  OK  [0m] Reached target Network (Pre).
[[0;32m  OK  [0m] Reached target System Time Synchronized.
         Starting Update UTMP about System Boot/Shutdown...
[[0;32m  OK  [0m] Started LSB: AppArmor initialization.
[[0;32m  OK  [0m] Started Set console font and keymap.
[[0;32m  OK  [0m] Found device 82540EM Gigabit Ethern...r (PRO/1000 MT Desktop Adapter).
[[0;32m  OK  [0m] Created slice system-getty.slice.
         Starting Raise network interfaces...
[[0;32m  OK  [0m] Started ifup for enp0s8.
[[0;32m  OK  [0m] Started ifup for enp0s3.
[[0;32m  OK  [0m] Started Update UTMP about System Boot/Shutdown.
[[0;32m  OK  [0m] Started Raise network interfaces.
         Starting Initial cloud-init job (metadata service crawler)...
[[0;32m  OK  [0m] Reached target Network.
[   21.766616] cloud-init[1055]: Cloud-init v. 17.1 running 'init' at Tue, 28 Nov 2017 11:30:57 +0000. Up 21.47 seconds.
[[0;32m  OK  [0m] Started Initial cloud-init job (metadata service crawler).
[[0;32m  OK  [0m] Reached target Cloud-config availability.
[   21.854871] cloud-init[1055]: ci-info: ++++++++++++++++++++++++++++++++++++++Net device info++++++++++++++++++++++++++++++++++++++
[   22.094448] cloud-init[1055]: ci-info: +--------+------+-----------------------------+---------------+-------+-------------------+[[0;32m  OK  [0m] Reached target Network is Online.

[   22.112526] cloud-init[1055]: ci-info: | Device |  Up  |           Address           |      Mask     | Scope |     Hw-Address    |
         Starting iSCSI initiator daemon (iscsid)...
[[0;32m  OK  [0m[   22.189303] cloud-init[1055]: ci-info: +--------+------+-----------------------------+---------------+-------+-------------------+
[   22.228413] cloud-init[1055]: ci-info: | enp0s3 | True |          10.0.2.15          | 255.255.255.0 |   .   | 02:44:03:e3:22:ab |
[   22.228452] cloud-init[1055]: ci-info: | enp0s3 | True |  fe80::44:3ff:fee3:22ab/64  |       .       |  link | 02:44:03:e3:22:ab |
[   22.228480] cloud-init[1055]: ci-info: | enp0s8 | True |         192.168.0.41        | 255.255.255.0 |   .   | 08:00:27:82:bf:f1 |
[   22.228506] cloud-init[1055]: ci-info: | enp0s8 | True | fe80::a00:27ff:fe82:bff1/64 |       .       |  link | 08:00:27:82:bf:f1 |
[   22.228536] cloud-init[1055]: ci-info: |   lo   | True |          127.0.0.1          |   255.0.0.0   |   .   |         .         |
[   22.228567] cloud-init[1055]: ci-info: |   lo   | True |           ::1/128           |       .       |  host |         .         |
[   22.228598] cloud-init[1055]: ci-info: +--------+------+-----------------------------+---------------+-------+-------------------+
[   22.228624] cloud-init[1055]: ci-info: +++++++++++++++++++++++++++Route IPv4 info++++++++++++++++++++++++++++
[   22.228672] cloud-init[1055]: ci-info: +-------+-------------+----------+---------------+-----------+-------+
[   22.228719] cloud-init[1055]: ci-info: | Route | Destination | Gateway  |    Genmask    | Interface | Flags |
[   22.228750] cloud-init[1055]: ci-info: +-------+-------------+----------+---------------+-----------+-------+
[   22.228790] cloud-init[1055]: ci-info: |   0   |   0.0.0.0   | 10.0.2.2 |    0.0.0.0    |   enp0s3  |   UG  |
[   22.228816] cloud-init[1055]: ci-info: |   1   |   10.0.2.0  | 0.0.0.0  | 255.255.255.0 |   enp0s3  |   U   |
[   22.228858] cloud-init[1055]: ci-info: |   2   | 192.168.0.0 | 0.0.0.0  | 255.255.255.0 |   enp0s8  |   U   |
[   22.228900] cloud-init[1055]: ci-info: +-------+-------------+----------+---------------+-----------+-------+
] Reached target System Initialization.
[[0;32m  OK  [0m] Started Daily apt download activities.
[[0;32m  OK  [0m] Started ACPI Events Check.
[[0;32m  OK  [0m] Reached target Paths.
[[0;32m  OK  [0m] Started Daily Cleanup of Temporary Directories.
[[0;32m  OK  [0m] Listening on UUID daemon activation socket.
[[0;32m  OK  [0m] Listening on D-Bus System Message Bus Socket.
[[0;32m  OK  [0m] Started Timer to automatically refresh installed snaps.
[[0;32m  OK  [0m] Started Daily apt upgrade and clean activities.
[[0;32m  OK  [0m] Reached target Timers.
[[0;32m  OK  [0m] Listening on ACPID Listen Socket.
         Starting Socket activation for snappy daemon.
         Starting LXD - unix socket.
[[0;32m  OK  [0m] Listening on Socket activation for snappy daemon.
[[0;32m  OK  [0m] Listening on LXD - unix socket.
[[0;32m  OK  [0m] Started iSCSI initiator daemon (iscsid).
         Starting Login to default iSCSI targets...
[[0;32m  OK  [0m] Reached target Sockets.
[[0;32m  OK  [0m] Reached target Basic System.
[[0;32m  OK  [0m] Started Deferred execution scheduler.
[[0;32m  OK  [0m] Started Unattended Upgrades Shutdown.
[[0;32m  OK  [0m] Started D-Bus System Message Bus.
         Starting Apply the settings specified in cloud-config...
         Starting System Logging Service...
[[0;32m  OK  [0m] Started FUSE filesystem for LXC.
         Starting Login Service...
         Starting LSB: Record successful boot for GRUB...
         Starting /etc/rc.local Compatibility...
[[0;32m  OK  [0m] Started Regular background program processing daemon.
         Starting LSB: MD monitoring daemon...
         Starting OpenBSD Secure Shell server...
         Starting LXD - container startup/shutdown...
[   27.046638] cloud-init[1118]: Cloud-init v. 17.1 running 'modules:config' at Tue, 28 Nov 2017 11:31:02 +0000. Up 26.91 seconds.
         Starting Accounts Service...
[[0;32m  OK  [0m] Started ACPI event daemon.
         Starting Snappy daemon...
[[0;32m  OK  [0m] Started System Logging Service.
[[0;32m  OK  [0m] Started OpenBSD Secure Shell server.
[[0;32m  OK  [0m] Started Apply the settings specified in cloud-config.
[[0;32m  OK  [0m] Started /etc/rc.local Compatibility.
[[0;32m  OK  [0m] Started LXD - container startup/shutdown.
[[0;32m  OK  [0m] Started Snappy daemon.
[[0;32m  OK  [0m] Started Login to default iSCSI targets.
[[0;32m  OK  [0m] Started LSB: Record successful boot for GRUB.
[[0;32m  OK  [0m] Started LSB: MD monitoring daemon.
[[0;32m  OK  [0m] Started Login Service.
         Starting Authenticate and Authorize Users to Run Privileged Tasks...
[[0;32m  OK  [0m] Reached target Remote File Systems (Pre).
[[0;32m  OK  [0m] Reached target Remote File Systems.
         Starting LSB: VirtualBox Linux Additions...
         Starting LSB: daemon to balance interrupts for SMP systems...
         Starting Permit User Sessions...
         Starting LSB: automatic crash report generation...
         Starting LSB: Start NTP daemon...
         Starting LSB: Set the CPU Frequency Scaling governor to "ondemand"...
[[0;32m  OK  [0m] Started Permit User Sessions.
[[0;32m  OK  [0m] Started Authenticate and Authorize Users to Run Privileged Tasks.
[[0;32m  OK  [0m] Started Accounts Service.
[[0;32m  OK  [0m] Started LSB: daemon to balance interrupts for SMP systems.
[[0;32m  OK  [0m] Created slice User Slice of ubuntu.
         Starting User Manager for UID 1000...
[[0;32m  OK  [0m] Started Session 1 of user ubuntu.
         Starting Terminate Plymouth Boot Screen...
         Starting Hold until boot process finishes up...
[[0;32m  OK  [0m] Started User Manager for UID 1000.
[[0;32m  OK  [0m] Started LSB: VirtualBox Linux Additions.
[[0;32m  OK  [0m] Started LSB: automatic crash report generation.
[[0;32m  OK  [0m] Started LSB: Start NTP daemon.
[[0;32m  OK  [0m] Started LSB: Set the CPU Frequency Scaling governor to "ondemand".
[[0;32m  OK  [0m] Started Terminate Plymouth Boot Screen.
[[0;32m  OK  [0m] Started Hold until boot process finishes up.
[[0;32m  OK  [0m] Started Serial Getty on ttyS0.
[[0;32m  OK  [0m] Started Getty on tty1.
[[0;32m  OK  [0m] Reached target Login Prompts.
         Starting Set console scheme...
         Starting LSB: distributed storage system for structured data...
[[0;32m  OK  [0m] Started Set console scheme.
[[0;32m  OK  [0m] Started LSB: distributed storage system for structured data.
[[0;32m  OK  [0m] Reached target Multi-User System.
         Starting Execute cloud user/final scripts...
[[0;32m  OK  [0m] Reached target Graphical Interface.
         Starting Update UTMP about System Runlevel Changes...
[[0;32m  OK  [0m] Started Update UTMP about System Runlevel Changes.
[   29.836423] cloud-init[1344]: Cloud-init v. 17.1 running 'modules:final' at Tue, 28 Nov 2017 11:31:05 +0000. Up 29.57 seconds.
[   29.904683] cloud-init[1344]: Cloud-init v. 17.1 finished at Tue, 28 Nov 2017 11:31:05 +0000. Datasource DataSourceNoCloud [seed=/dev/sdb][dsmode=net].  Up 29.82 seconds
[[0;32m  OK  [0m] Started Execute cloud user/final scripts.
[[0;32m  OK  [0m] Reached target Cloud-init target.

Ubuntu 16.04.3 LTS t2 ttyS0

t2 login: [15892.219472] e1000 0000:00:08.0 enp0s8: Reset adapter
[24387.493844] e1000 0000:00:08.0 enp0s8: Reset adapter
[24431.750851] e1000 0000:00:08.0 enp0s8: Reset adapter
[35855.055731] e1000 0000:00:08.0 enp0s8: Reset adapter
[35899.221319] e1000 0000:00:08.0 enp0s8: Reset adapter
[35943.452201] e1000 0000:00:08.0 enp0s8: Reset adapter
[48226.156211] e1000 0000:00:08.0 enp0s8: Reset adapter
[[0;32m  OK  [0m] Se         Stopping LSB: Record successful boot for GRUB...
         Stopping Accounts Service...
         Stopping LSB: Set the CPU Frequency Scaling governor to "ondemand"...
         Stopping LSB: VirtualBox Linux Additions...
[[0;32m  OK  [0m] Closed Load/Save RF Kill Switch Status /dev/rfkill Watch.
[[0;32m  OK  [0m] Unmounted /var/lib/lxcfs.
[[0;32m  OK  [0m] Stopped Deferred execution scheduler.
[[0;32m  OK  [0m] Stopped System Logging Service.
[[0;32m  OK  [0m] Stopped Regular background program processing daemon.
[[0;32m  OK  [0m] Stopped OpenBSD Secure Shell server.
[[0;32m  OK  [0m] Stopped Accounts Service.
[[0;32m  OK  [0m] Stopped ACPI event daemon.
[[0;32m  OK  [0m] Stopped Snappy daemon.
[[0;32m  OK  [0m] Stopped Authenticate and Authorize Users to Run Privileged Tasks.
[[0;32m  OK  [0m] Stopped Serial Getty on ttyS0.
[[0;32m  OK  [0m] Stopped Getty on tty1.
[[0;32m  OK  [0m] Stopped User Manager for UID 1000.
[[0;32m  OK  [0m] Stopped D-Bus System Message Bus.
[[0;32m  OK  [0m] Stopped Unattended Upgrades Shutdown.
[[0;32m  OK  [0m] Stopped FUSE filesystem for LXC.
[[0;32m  OK  [0m] Stopped LXD - container startup/shutdown.
[[0;32m  OK  [0m] Stopped LSB: automatic crash report generation.
[[0;32m  OK  [0m] Stopped LSB: distributed storage system for structured data.
[[0;32m  OK  [0m] Stopped LSB: daemon to balance interrupts for SMP systems.
[[0;32m  OK  [0m] Stopped LSB: Record successful boot for GRUB.
[[0;32m  OK  [0m] Stopped LSB: Set the CPU Frequency Scaling governor to "ondemand".
[[0;32m  OK  [0m] Stopped LSB: VirtualBox Linux Additions.
[[0;32m  OK  [0m] Stopped target System Time Synchronized.
         Stopping LSB: Start NTP daemon...
         Stopping LSB: MD monitoring daemon...
[[0;32m  OK  [0m] Removed slice system-getty.slice.
[[0;32m  OK  [0m] Removed slice system-serial\x2dgetty.slice.
[[0;32m  OK  [0m] Stopped /etc/rc.local Compatibility.
[[0;32m  OK  [0m] Stopped LSB: Start NTP daemon.
[[0;32m  OK  [0m] Stopped LSB: MD monitoring daemon.
[[0;32m  OK  [0m] Stopped Session 2 of user ubuntu.
[[0;32m  OK  [0m] Stopped User Manager for UID 1000.
[[0;32m  OK  [0m] Removed slice User Slice of ubuntu.
         Stopping Login Service...
         Stopping Permit User Sessions...
[[0;32m  OK  [0m] Stopped Login Service.
[[0;32m  OK  [0m] Stopped Permit User Sessions.
[[0;32m  OK  [0m] Stopped target Remote File Systems.
[[0;32m  OK  [0m] Stopped target Remote File Systems (Pre).
         Stopping Login to default iSCSI targets...
[[0;32m  OK  [0m] Stopped target User and Group Name Lookups.
[[0;32m  OK  [0m] Stopped target Basic System.
[[0;32m  OK  [0m] Stopped target Slices.
[[0;32m  OK  [0m] Removed slice User and Session Slice.
[[0;32m  OK  [0m] Stopped target Sockets.
[[0;32m  OK  [0m] Closed D-Bus System Message Bus Socket.
[[0;32m  OK  [0m] Closed LXD - unix socket.
[[0;32m  OK  [0m] Closed Socket activation for snappy daemon.
[[0;32m  OK  [0m] Closed UUID daemon activation socket.
[[0;32m  OK  [0m] Closed Syslog Socket.
[[0;32m  OK  [0m] Closed ACPID Listen Socket.
[[0;32m  OK  [0m] Stopped target Paths.
[[0;32m  OK  [0m] Stopped Dispatch Password Requests to Console Directory Watch.
[[0;32m  OK  [0m] Stopped ACPI Events Check.
[[0;32m  OK  [0m] Stopped target System Initialization.
[[0;32m  OK  [0m] Stopped target Swap.
         Stopping Load/Save Random Seed...
[[0;32m  OK  [0m] Stopped target Encrypted Volumes.
[[0;32m  OK  [0m] Stopped Create Volatile Files and Directories.
[[0;32m  OK  [0m] Stopped Forward Password Requests to Wall Directory Watch.
[[0;32m  OK  [0m] Stopped Load/Save Random Seed.
[[0;32m  OK  [0m] Stopped Login to default iSCSI targets.
         Stopping iSCSI initiator daemon (iscsid)...
[[0;32m  OK  [0m] Stopped iSCSI initiator daemon (iscsid).
[[0;32m  OK  [0m] Stopped target Network is Online.
[[0;32m  OK  [0m] Stopped Initial cloud-init job (metadata service crawler).
[[0;32m  OK  [0m] Stopped target Network.
         Stopping Raise network interfaces...
[[0;32m  OK  [0m] Stopped Raise network interfaces.
[[0;32m  OK  [0m] Stopped target Local File Systems.
         Unmounting /vagrant...
         Unmounting /run/user/1000...
[[0;32m  OK  [0m] Stopped target Network (Pre).
[[0;32m  OK  [0m] Stopped Initial cloud-init job (pre-networking).
[[0;32m  OK  [0m] Stopped Apply Kernel Variables.
[[0;32m  OK  [0m] Stopped Load Kernel Modules.
[[0;32m  OK  [0m] Unmounted /vagrant.
[[0;32m  OK  [0m] Unmounted /run/user/1000.
[[0;32m  OK  [0m] Reached target Unmount All Filesystems.
[[0;32m  OK  [0m] Stopped target Local File Systems (Pre).
[[0;32m  OK  [0m] Stopped Create Static Device Nodes in /dev.
[[0;32m  OK  [0m] Stopped Remount Root and Kernel File Systems.
[[0;32m  OK  [0m] Reached target Shutdown.
[62620.77] bo: we dow