[  0000000] Initializing cgroup subsys cpuset
[    0.00000]Intialzing crop subys cpu[    0.0000 Iniiazing cgroupsubss cuacc
[   0.00000] Liuxvesion .40-01-gneric buld@lcy01am6400 (cc verson5.4.0 216609 (Ubuntu 5.4.0-6ubuntu1~16.04.5) ) 12Ubunu MPri Nov108:29:5 UC 2017 (Uunu 4..010.124-generic 44.95)
  0.0000] Comand in BOT_IMAG/bot/vmlinuz-44.-11-generi rotLABEL=clouimroofs r cosoe=ty1 cosoe=ty0
[    0.000000] KENEL supote cpu:[    .0000]  Inte GuineIntel
[   0.000000]  AD AuthentiAM
[   0.00000]   Ceta Centuraul
    0.0000 x6/pu: xstae_offst[]:  56,stte_sizes2]  56
[    .00000]x86/fpu: Spporting XSAVE fate x01: '87 flatngpoint registers'
[    000000 x86/fu:Supoting XSAE eaur 0x02: 'SE riser'[   0.000000] x86fp SpportingXSAVE eatue x04: 'AVX registrs
[   0.000000] 86fp: nablexstae fetures 0x7, context size is 832 bytes, using 'standard' format.
[    0.000000] x86/fpu: Using 'lazy' FPU context switches.
[    0.000000] e820: BIOS-provided physical RAM map:
[    0.0000 BIOS-e20 [em0x000000000000-0x000000000bff]usale
[    0.00000] BIOS-e820 [mem 0x000000009fc000x000000009fffreserved
[    0.000] IOS-82: [mem 0x0000000000f0000-x000000000ffff] eserved
[   0.00000] BIS-e820: [me 000000000100000-0x00000003ffeff] sable
[    0.000000] BIOS-e820: [mem 0x000000003fff0000x0000000ffffff]ACI data
[   .000000] BIOS-e80:[mm x000000fffc00000x000000fffff] resrved
   0000000 N(ExecutDisabe) pottin: active
[   0.0000] MBOS2. preent.
[    0.000000] Hypervisor dteed: VM
[    0.000000] e20: as_pfn = 0x3f0max_arch_fn= 0x40000000
   0.000000MTR: Disabl
[   0.000000] x86/PAT: MTRRs disabled, skipping PAT initialitin too.
[   0.000000] CPU MTRRs all blank - virtualized system.
[    0.000000] x86/PAT: Configuration [0-7]: WB  WT  UC- UC  WB  WT  UC- UC  
[    0.000000] found SMP MP-table at [mem 0x0009fff0-0x0009ffff] mapped at [ffff88000009fff0]
[    0.000000] Scanning 1 areas for low memory corruption
[    0.000000] RAMDISK: [mem 0x36abc000-0x37555fff]
[    0.000000] ACPI: Early table checksum verification disabled
[    0.000000] ACPI: RSDP 0x00000000000E0000 000024 (v02 VBOX  )
[    0.000000] ACPI: XSDT 0x000000003FFF0030 00003C (v01 VBOX   VBOXXSDT 00000001 ASL  00000061)
[    0.000000] ACPI: FACP 0x000000003FFF00F0 000F4 04VBOX   VBOXFACP 00000001 ASL  00000061)
[    0.000000] ACPI: DSDT 0x000000003FFF0470 002106 (v01 VBOX   VBOBIOS 000000INTL 2010028)
[    0.00000 ACPI: FACS 0x000000003FFF0200 000040
[    0.000000] ACPI: FACS 0x000000003FFF0200 000040
[    0.000000] ACPI: APIC 0x000000003FFF0240 00005C (v02 VBOX   VBOXAPIC 00000001 ASL  00000061)
[    0.000000] ACPI: SSDT 0x000000003FFF02A0 0001CC (v01 VBOX   VBOXCPUT 00000002 INTL 20100528)
[    00000] No NUMA configuration found
[    0.000000] Faking a node at [mem 0x0000000000000000-0x00000003ffeffff
[    0.000000] NODE_DAA() alocate [mem 0x3ffeb000-0x3ffeffff]
[    0.000000] kvm-clock: Using msrs 4b564d01 and 4b564d00
[    0.000000] kvm-clock: cpu 0, msr 0:3ffe3001, primary cpu clock
[    0.000000] kvm-clock: using sched offset of 3227828405 cycles
[    0.000000] clocksource: kvm-clok: mask: 0xffffffffffffff mx_ycles: 0xcd424dff, max_idle_n: 1590591483 ns
[    0.000000] Zone ranges:
[    0.000000]   DMA      [mem 0x0000000000001000-0x0000000000ffffff]
[    0.000000]   DMA32    [mem 0x0000000001000000-0x000000003ffeffff]
[    0.000000]   Normal   empty
[    0.000000]   Device   empty
[    0.000000] Movable zone start for each node
[    0.000000] Early memory node ranges
[    0.000000]   node   0: [mem 0x0000000000001000-0x000000000009efff]
[    0.000000]   node   0: [mem 0x0000000000100000-0x000000003ffeffff]
[    0.000000] Inime stup od0 [mem 0x00000000001000-0x000000003ffeffff]
[    0.000000] ACPI: PM-Timer IO Port: 0x4008
[    0.000000] IOAPIC[0]: apic_id 2, version 17, address 0xfec00000, GSI 0-23
[    0.0000] ACPI: IT_C_OV (us0 bus_irq 0 globl_rq2 dfl dl)
[    0.0000] AI: IT_RC_OR us0 bus_iq 9 loal_iq 9 iglevel)
[   .0000] si API (MAD) orMP confgurtion nfrmation
[    0.000000] spbotAlloing 2 CPUs, 0hotplug CPU
[    0.000000] PM: Regitered sae memory: [mem 0x00000000-0x00000fff]
[    0.00000] PMResterednoave emry: [mem0x09f000-x0009fff]
[    0.00] PM: Registerednoav memry[mem x000a0000x00effff][    0.0000] P: Reisrednosave memory: [mem 0x000f0000x00ffff][    0.000] e820 [mm 04000000-ffbfff] aailbl for PI evices
[   .0000] Booin pravirtlid kerel on KVM
[    0.0000] losoure: refined-jiffies: mask: 0xffffff ma_cycles: 0xffffffff, max_idle_ns: 7645519600211568 ns
[    0.000000] setup_percpu: NR_CPUS:512 nr_cpumask_bits:512 nr_cpu_ids:2 nr_node_ids:1
[    0.000000] PERCPU: Embedded 34 pages/cpu @ffff88003fc00000 s9828812 d32744u10457
    0.00000]  qspinlok ashtae enris: 256 order: , 09bytes)[  0.0000Built 1 zonelists inod ordermobilty grouping on.  Total pages: 25791
   0000000] Plicyzone: DMA32
[    0.0000]Kernelcommand line: BOOT_IMAGE=/boot/mlnuz-4.4.0-101-generic root=LABEL=cloudimg-rootfs ro console=tty1 console=ttyS0
[    0.000000] PID hash table entries: 4096 (order: 3, 32768 bytes)
[    0.000000] Memory: 1001708K/1048120K available (8484K kernel code, 1294K rwdata, 398Kroata, 1492K nit 1316K bss, 46412K reserved 0K cma-esved)
[   0.000000]SLB: HWalgn=64, Order=0-3, Mibjects=0, CPUs=2, Nodes=1
[    00000 Hierarchical RCU implementation.
[    0.00000] 	uild-tme adjustment of leaf fanout to 64.
[    0.000000] 	RCU restricting CPUs from NR_CPUS=512 to nr_cpu_ids=2.
[    0.000000] RCU: Adjusting geometry for rcu_fanoutle=64, nr_cpu_ids=2
[    0.000000] NR_IRQS:33024 nr_irqs:440 16
[    0.000000] Console: olour VGA+ 80x25
[    0.000000] console [ttty1] enbld[    .00000] onsoe [tyS] eabed
[   0.00000]tsc: Detected 2294.688 MHz processor
[    9.250450] Calibrating delay loop (skipped) preset value.. 4589.37 BogoMIPS (lpj=9178752)
[    9.330324] pid_max: default: 32768 minimum: 301
[    9.386200] ACPI: Core revision 20150930
[    9.430608] ACPI: 2 ACPI AML tables successfully acquired and loaded
[    9.508631] Security Framework initialized
[    9.530180] Yama: becoming mindful.
[    9.585879] AppArmor: AppArmor initialized
[    9.603410] Dentry cache hash table entries: 131072 (order: 8, 1048576 bytes)
[    9.707896] Inode-cache hash table entries: 65536 (order: 7, 524288 bytes)
[    9.776620] Mount-cache hash table entries: 2048 (order: 2, 16384 bytes)
[    9.834026] Mountpoint-cache hash table entries: 2048 (order: 2, 16384 bytes)
[    9.935094] Initializing cgroup subsys io
[    9.977891] Initializing cgroup subsys memory
[   10.006385] Initializing cgroup subsys devices
[   10.034366] Initializing cgroup subsys freezer
[   10.089774] Initializing cgroup subsys net_cls
[   10.157822] Initializing cgroup subsys perf_event
[   10.194254] Initializing cgroup subsys net_prio
[   10.244461] Initializing cgroup subsys hugetlb
[   10.299686] Initializing cgroup subsys pids
[   10.346063] CPU: Physical Processor ID: 0
[   10.371093] CPU: Processor Core ID: 0
[   10.418140] mce: CPU supports 0 MCE banks
[   10.437929] Last level iTLB entries: 4KB 1024, 2MB 1024, 4MB 1024
[   10.462528] Last level dTLB entries: 4KB 1024, 2MB 1024, 4MB 1024, 1GB 4
[   10.465743] Freeing SMP alternatives memory: 32K
[   10.511344] ftrace: allocating 32156 entries in 126 pages
[   10.578293] smpboot: APIC(0) Converting physical 0 to logical package 0
[   10.598327] smpboot: Max logical packages: 1
[   10.625601] ..TIMER: vector=0x30 apic1=0 pin1=2 apic2=-1 pin2=-1
[   10.801666] smpboot: CPU0: Intel(R) Core(TM) i7-4850HQ CPU @ 2.30GHz (family: 0x6, model: 0x46, stepping: 0x1)
[   10.925969] Performance Events: unsupported p6 CPU model 70 no PMU driver, software events only.
[   11.030190] KVM setup paravirtual spinlock
[   11.074854] x86: Booting SMP configuration:
[   11.131523] .... node  #0, CPUs:      #1
[   11.158252] kvm-clock: cpu 1, msr 0:3ffe3041, secondary cpu clock
[   11.181711] mce: CPU supports 0 MCE banks
[   11.222985] x86: Booted up 1 node, 2 CPUs
[   11.245109] smpboot: Total of 2 processors activated (9178.75 BogoMIPS)
[   11.272683] devtmpfs: initialized
[   11.287448] evm: security.selinux
[   11.322255] evm: security.SMACK64
[   11.336552] evm: security.SMACK64EXEC
[   11.365776] evm: security.SMACK64TRANSMUTE
[   11.397843] evm: security.SMACK64MMAP
[   11.406578] evm: security.ima
[   11.420688] evm: security.capability
[   11.442206] clocksource: jiffies: mask: 0xffffffff max_cycles: 0xffffffff, max_idle_ns: 7645041785100000 ns
[   11.492820] futex hash table entries: 512 (order: 3, 32768 bytes)
[   11.549158] pinctrl core: initialized pinctrl subsystem
[   11.561888] RTC time:  7:57:05, date: 12/14/17
[   11.603677] NET: Registered protocol family 16
[   11.649620] cpuidle: using governor ladder
[   11.684289] cpuidle: using governor menu
[   11.710214] PCCT header not found.
[   11.737054] ACPI: bus type PCI registered
[   11.768139] acpiphp: ACPI Hot Plug PCI Controller Driver version: 0.5
[   11.826526] PCI: Using configuration type 1 for base access
[   11.862171] ACPI: Added _OSI(Module Device)
[   11.864123] ACPI: Added _OSI(Processor Device)
[   11.871715] ACPI: Added _OSI(3.0 _SCP Extensions)
[   11.915029] ACPI: Added _OSI(Processor Aggregator Device)
[   11.939173] ACPI: Executed 1 blocks of module-level executable AML code
[   11.971993] ACPI: Interpreter enabled
[   12.014186] ACPI: (supports S0 S5)
[   12.024602] ACPI: Using IOAPIC for interrupt routing
[   12.037872] PCI: Using host bridge windows from ACPI; if necessary, use "pci=nocrs" and report a bug
[   12.086392] ACPI: PCI Root Bridge [PCI0] (domain 0000 [bus 00-ff])
[   12.100852] acpi PNP0A03:00: _OSC: OS supports [ASPM ClockPM Segments MSI]
[   12.108578] acpi PNP0A03:00: _OSC failed (AE_NOT_FOUND); disabling ASPM
[   12.116915] acpi PNP0A03:00: fail to add MMCONFIG information, can't access extended PCI configuration space under this bridge.
[   12.155025] PCI host bridge to bus 0000:00
[   12.158436] pci_bus 0000:00: root bus resource [io  0x0000-0x0cf7 window]
[   12.168310] pci_bus 0000:00: root bus resource [io  0x0d00-0xffff window]
[   12.179028] pci_bus 0000:00: root bus resource [mem 0x000a0000-0x000bffff window]
[   12.222394] pci_bus 0000:00: root bus resource [mem 0x40000000-0xffdfffff window]
[   12.231617] pci_bus 0000:00: root bus resource [bus 00-ff]
[   12.236711] pci 0000:00:01.1: legacy IDE quirk: reg 0x10: [io  0x01f0-0x01f7]
[   12.248133] pci 0000:00:01.1: legacy IDE quirk: reg 0x14: [io  0x03f6]
[   12.251007] pci 0000:00:01.1: legacy IDE quirk: reg 0x18: [io  0x0170-0x0177]
[   12.272658] pci 0000:00:01.1: legacy IDE quirk: reg 0x1c: [io  0x0376]
[   12.302317] ACPI: PCI Interrupt Link [LNKA] (IRQs 5 9 10 11) *0, disabled.
[   12.330075] ACPI: PCI Interrupt Link [LNKB] (IRQs 5 9 10 *11)
[   12.338227] ACPI: PCI Interrupt Link [LNKC] (IRQs 5 9 *10 11)
[   12.341474] ACPI: PCI Interrupt Link [LNKD] (IRQs 5 *9 10 11)
[   12.347490] ACPI: Enabled 2 GPEs in block 00 to 07
[   12.352014] vgaarb: setting as boot device: PCI:0000:00:02.0
[   12.362399] vgaarb: device added: PCI:0000:00:02.0,decodes=io+mem,owns=io+mem,locks=none
[   12.412561] vgaarb: loaded
[   12.434167] vgaarb: bridge control possible 0000:00:02.0
[   12.435806] SCSI subsystem initialized
[   12.443423] ACPI: bus type USB registered
[   12.444566] usbcore: registered new interface driver usbfs
[   12.457949] usbcore: registered new interface driver hub
[   12.462079] usbcore: registered new device driver usb
[   12.467057] PCI: Using ACPI for IRQ routing
[   12.468430] NetLabel: Initializing
[   12.469111] NetLabel:  domain hash size = 128
[   12.508209] NetLabel:  protocols = UNLABELED CIPSOv4
[   12.526656] NetLabel:  unlabeled traffic allowed by default
[   12.529509] amd_nb: Cannot enumerate AMD northbridges
[   12.537361] clocksource: Switched to clocksource kvm-clock
[   12.562475] AppArmor: AppArmor Filesystem Enabled
[   12.567362] pnp: PnP ACPI init
[   12.716] pn: P CPI: fond devices
[  1.8756] cloksrc: apipm msk 0ffff mx_cles:0xfff, ax_idlens 25701024 ns
[   1.587] NET Rgiterd rotocolfail 2

[   138314 T etabisd ash ablenries 8192 (order: 4, 65536 bytes)
[   14.219354] TCP bin hshabe nties: 8192 (order:5,3172bytes
[   14.557340] TCP: Hash tables configured (established 8192bind 8192)
[   14.586252] UDP hash table entries:51(order: 2, 16384 bytes)
[   14.66561] UDPLie hash table enries: 512 (orer2,164 bytes)
[  1.923] T:Registerd otcofaly1  5.4385 p 000:0:0. LimtingirctPCPCItrnsrs
[   1.002] pci000:00:01.0: AtiatngISA DM hngorarun

[   16.505735] Unpacking initramfs...
[   8.306]rein iit memor: 856
  8.667797] pator rtc_cm: egsteredplatorRTC dvie o PNP device found)
[  191105] Scanningfo lw emoy orptio eer60ecnd

[   19.608461] audit: initializing netlink subsys (disabled)
[   19.662311] audit: type=2000 audit(1513238226.896:1): initialized
[   19.665433] tsc: Refined TSC clocksource calibration: 2295.803 MHz
[   19.665434] clocksource: tsc: mask: 0xffffffffffffffff max_cycles: 0x2117b85f90c, max_idle_ns: 440795259520 ns
[   19.769791] Initialise system trusted keyring
[   19.780973] HugeTLB registered 2 MB page size, pre-allocated 0 pages
[   19.791382] zbud: loaded
[   19.798557] VFS: Disk quotas dquot_6.6.0
[   19.807153] VFS: Dquot-cache hash table entries: 512 (order 0, 4096 bytes)
[   19.813810] squashfs: version 4.0 (2009/01/31) Phillip Lougher
[   19.865630] fuse init (API version 7.23)
[   19.872643] Key type big_key registered
[   19.884969] Allocating IMA MOK and blacklist keyrings.
[   19.904394] Key type asymmetric registered
[   19.905189] Asymmetric key parser 'x509' registered
[   19.914495] Block layer SCSI generic (bsg) driver version 0.4 loaded (major 249)
[   19.959445] io scheduler noop registered
[   19.965865] io scheduler deadline registered (default)
[   19.975194] io scheduler cfq registered
[   19.980007] pci_hotplug: PCI Hot Plug PCI Core version: 0.5
[   20.007238] pciehp: PCI Express Hot Plug Controller Driver version: 0.4
[   20.044967] ACPI: AC Adapter [AC] (on-line)
[   20.061440] input: Power Button as /devices/LNXSYSTM:00/LNXPWRBN:00/input/input0
[   20.092665] ACPI: Power Button [PWRF]
[   20.093646] input: Sleep Button as /devices/LNXSYSTM:00/LNXSLPBN:00/input/input1
[   20.095146] ACPI: Sleep Button [SLPF]
[   20.096922] ACPI: Battery Slot [BAT0] (battery present)
[   20.105137] GHES: HEST is not enabled!
[   20.137457] Serial: 8250/16550 driver, 32 ports, IRQ sharing enabled
[   20.169603] 00:02: ttyS0 at I/O 0x3f8 (irq = 4, base_baud = 115200) is a 16550A
[   20.214795] Linux agpgart interface v0.103
[   20.241496] loop: module loaded
[   20.248935] scsi host0: ata_piix
[   20.256253] scsi host1: ata_piix
[   20.263445] ata1: PATA max UDMA/33 cmd 0x1f0 ctl 0x3f6 bmdma 0xd000 irq 14
[   20.310038] ata2: PATA max UDMA/33 cmd 0x170 ctl 0x376 bmdma 0xd008 irq 15
[   20.336603] libphy: Fixed MDIO Bus: probed
[   20.341205] tun: Universal TUN/TAP device driver, 1.6
[   20.355279] tun: (C) 1999-2004 Max Krasnyansky <maxk@qualcomm.com>
[   20.369393] PPP generic driver version 2.4.2
[   20.380356] ehci_hcd: USB 2.0 'Enhanced' Host Controller (EHCI) Driver
[   20.390239] ehci-pci: EHCI PCI platform driver
[   20.413428] ehci-platform: EHCI generic platform driver
[   20.438420] ohci_hcd: USB 1.1 'Open' Host Controller (OHCI) Driver
[   20.457558] ohci-pci: OHCI PCI platform driver
[   20.470147] ohci-platform: OHCI generic platform driver
[   20.486119] uhci_hcd: USB Universal Host Controller Interface driver
[   20.517665] i8042: PNP: PS/2 Controller [PNP0303:PS2K,PNP0f03:PS2M] at 0x60,0x64 irq 1,12
[   20.548819] serio: i8042 KBD port at 0x60,0x64 irq 1
[   20.569755] serio: i8042 AUX port at 0x60,0x64 irq 12
[   20.616193] mousedev: PS/2 mouse device common for all mice
[   20.631177] rtc_cmos rtc_cmos: rtc core: registered rtc_cmos as rtc0
[   20.652259] input: AT Translated Set 2 keyboard as /devices/platform/i8042/serio0/input/input2
[   20.663840] rtc_cmos rtc_cmos: alarms up to one day, 114 bytes nvram
[   20.664973] i2c /dev entries driver
[   20.665800] device-mapper: uevent: version 1.0.3
[   20.666773] device-mapper: ioctl: 4.34.0-ioctl (2015-10-28) initialised: dm-devel@redhat.com
[   20.668348] ledtrig-cpu: registered to indicate activity on CPUs
[   20.714504] NET: Registered protocol family 10
[   20.731291] NET: Registered protocol family 17
[   20.762076] Key type dns_resolver registered
[   20.763093] microcode: CPU0 sig=0x40661, pf=0x40, revision=0x0
[   20.764120] microcode: CPU1 sig=0x40661, pf=0x40, revision=0x0
[   20.809541] microcode: Microcode Update Driver: v2.01 <tigran@aivazian.fsnet.co.uk>, Peter Oruba
[   20.911759] registered taskstats version 1
[   20.923839] Loading compiled-in X.509 certificates
[   20.938147] Loaded X.509 cert 'Build time autogenerated kernel key: f91c6829a34a801956ec6287af569c0a1f1f8d39'
[   20.948466] zswap: loaded using pool lzo/zbud
[   20.951059] Key type trusted registered
[   20.994357] Key type encrypted registered
[   21.001323] AppArmor: AppArmor sha1 policy hashing enabled
[   21.010980] ima: No TPM chip found, activating TPM-bypass!
[   21.026299] evm: HMAC attrs: 0x1
[   21.033694]   Magic number: 13:272:976
[   21.039731] rtc_cmos rtc_cmos: setting system clock to 2017-12-14 07:57:15 UTC (1513238235)
[   21.089266] BIOS EDD facility v0.16 2004-Jun-25, 0 devices found
[   21.112556] EDD information not available.
[   21.131807] Freeing unused kernel memory: 1492K
[   21.146102] Write protecting the kernel read-only data: 14336k
[   21.201851] Freeing unused kernel memory: 1744K
[   21.215205] Freeing unused kernel memory: 108K
Loading, please [   21.254609] random: systemd-udevd: uninitialized urandom read (16 bytes read, 3 bits of entropy available)
wait...
startin[   21.255226] random: udevadm: uninitialized urandom read (16 bytes read, 3 bits of entropy available)
g version 229
[   21.255242] random: udevadm: uninitialized urandom read (16 bytes read, 3 bits of entropy available)
[   21.261448] random: udevadm: uninitialized urandom read (16 bytes read, 3 bits of entropy available)
[   21.261480] random: udevadm: uninitialized urandom read (16 bytes read, 3 bits of entropy available)
[   21.261589] random: udevadm: uninitialized urandom read (16 bytes read, 3 bits of entropy available)
[   21.261641] random: udevadm: uninitialized urandom read (16 bytes read, 3 bits of entropy available)
[   21.261685] random: udevadm: uninitialized urandom read (16 bytes read, 3 bits of entropy available)
[   21.261720] random: udevadm: uninitialized urandom read (16 bytes read, 3 bits of entropy available)
[   21.261750] random: udevadm: uninitialized urandom read (16 bytes read, 3 bits of entropy available)
[   21.701921] e1000: Intel(R) PRO/1000 Network Driver - version 7.3.21-k8-NAPI
[   21.723666] e1000: Copyright (c) 1999-2006 Intel Corporation.
[   21.741242] Fusion MPT base driver 3.04.20
[   21.780177] Copyright (c) 1999-2008 LSI Corporation
[   21.806980] AVX version of gcm_enc/dec engaged.
[   21.823582] AES CTR mode by8 optimization enabled
[   21.859066] Fusion MPT SPI Host driver 3.04.20
[   22.042745] input: ImExPS/2 Generic Explorer Mouse as /devices/platform/i8042/serio1/input/input4
[   22.177317] e1000 0000:00:03.0 eth0: (PCI:33MHz:32-bit) 02:44:03:e3:22:ab
[   22.202560] e1000 0000:00:03.0 eth0: Intel(R) PRO/1000 Network Connection
[   22.595780] e1000 0000:00:08.0 eth1: (PCI:33MHz:32-bit) 08:00:27:26:4b:02
[   22.609513] e1000 0000:00:08.0 eth1: Intel(R) PRO/1000 Network Connection
[   22.635353] e1000 0000:00:08.0 enp0s8: renamed from eth1
[   22.637919] mptbase: ioc0: Initiating bringup
[   22.721738] e1000 0000:00:03.0 enp0s3: renamed from eth0
[   22.777783] ioc0: LSI53C1030 A0: Capabilities={Initiator}
[   23.745497] scsi host2: ioc0: LSI53C1030 A0, FwRev=00000000h, Ports=1, MaxQ=256, IRQ=20
[   24.748639] scsi 2:0:0:0: Direct-Access     VBOX     HARDDISK         1.0  PQ: 0 ANSI: 5
[   25.278387] floppy0: no floppy controllers found
[   25.319747] scsi target2:0:0: Beginning Domain Validation
[   25.369836] scsi target2:0:0: Domain Validation skipping write tests
[   25.394191] scsi target2:0:0: Ending Domain Validation
[   25.418911] scsi target2:0:0: asynchronous
[   25.465987] scsi 2:0:1:0: Direct-Access     VBOX     HARDDISK         1.0  PQ: 0 ANSI: 5
[   25.484770] scsi target2:0:1: Beginning Domain Validation
[   25.507014] scsi target2:0:1: Domain Validation skipping write tests
[   25.558421] scsi target2:0:1: Ending Domain Validation
[   25.572796] scsi target2:0:1: asynchronous
[   25.587340] sd 2:0:0:0: [sda] 20971520 512-byte logical blocks: (10.7 GB/10.0 GiB)
[   25.630477] sd 2:0:0:0: Attached scsi generic sg0 type 0
[   25.638251] sd 2:0:0:0: [sda] Write Protect is off
[   25.638397] sd 2:0:0:0: [sda] Incomplete mode parameter data
[   25.638398] sd 2:0:0:0: [sda] Assuming drive cache: write through
[   25.639872]  sda: sda1
[   25.640786] sd 2:0:0:0: [sda] Attached SCSI disk
[   25.795475] sd 2:0:1:0: [sdb] 20480 512-byte logical blocks: (10.5 MB/10.0 MiB)
[   25.811856] sd 2:0:1:0: Attached scsi generic sg1 type 0
[   25.863569] sd 2:0:1:0: [sdb] Write Protect is off
[   26.218096] sd 2:0:1:0: [sdb] Incomplete mode parameter data
[   26.253966] sd 2:0:1:0: [sdb] Assuming drive cache: write through
[   26.313079] sd 2:0:1:0: [sdb] Attached SCSI disk
Begin: Loading e[   27.722965] md: linear personality registered for level -1
ssential drivers ... [   27.759492] md: multipath personality registered for level -4
[   27.781157] md: raid0 personality registered for level 0
[   27.796245] md: raid1 personality registered for level 1
[   27.917616] raid6: sse2x1   gen()  9280 MB/s
[   28.013365] raid6: sse2x1   xor()  7333 MB/s
[   28.113483] raid6: sse2x2   gen() 11395 MB/s
[   28.209685] raid6: sse2x2   xor()  7112 MB/s
[   28.305386] raid6: sse2x4   gen() 13778 MB/s
[   28.401916] raid6: sse2x4   xor()  9489 MB/s
[   28.438111] raid6: using algorithm sse2x4 gen() 13778 MB/s
[   28.488803] raid6: .... xor() 9489 MB/s, rmw enabled
[   28.535235] raid6: using ssse3x2 recovery algorithm
[   28.552890] xor: automatically using best checksumming function:
[   28.645426]    avx       : 20608.000 MB/sec
[   28.695968] async_tx: api initialized (async)
[   28.727018] md: raid6 personality registered for level 6
[   28.743927] md: raid5 personality registered for level 5
[   28.806058] md: raid4 personality registered for level 4
[   28.877808] md: raid10 personality registered for level 10
done.
Begin: Running /scripts/init-premount ... done[   28.943123] Btrfs loaded
.
Begin: Mounting root file system ... Begin: Running /scripts/local-top ... done.
Begin: Runn[   29.005959] EXT4-fs (sda1): mounted filesystem with ordered data mode. Opts: (null)
ing /scripts/local-premount ... Scanning for Btrfs filesystems
done.
Warning: fsck not present, so skipping root file system
done.
Begin: Running /scripts/local-bottom ... done.
Begin: Running /scripts/init-bottom ... done.
[   29.109285] systemd[1]: systemd 229 running in system mode. (+PAM +AUDIT +SELINUX +IMA +APPARMOR +SMACK +SYSVINIT +UTMP +LIBCRYPTSETUP +GCRYPT +GNUTLS +ACL +XZ -LZ4 +SECCOMP +BLKID +ELFUTILS +KMOD -IDN)
[   29.127730] systemd[1]: Detected virtualization oracle.
[   29.128653] systemd[1]: Detected architecture x86-64.

Welcome to [1mUbuntu 16.04.3 LTS[0m!

[   29.154197] systemd[1]: Set hostname to <nginx>.
[   29.328824] systemd[1]: Reached target User and Group Name Lookups.
[[0;32m  OK  [0m] Reached target User and Group Name Lookups.
[   29.407053] systemd[1]: Created slice System Slice.
[[0;32m  OK  [0m] Created slice System Slice.
[   29.457919] systemd[1]: Listening on LVM2 poll daemon socket.
[[0;32m  OK  [0m] Listening on LVM2 poll daemon socket.
[   29.501927] systemd[1]: Created slice system-serial\x2dgetty.slice.
[[0;32m  OK  [0m] Created slice system-serial\x2dgetty.slice.
[   29.578106] systemd[1]: Listening on /dev/initctl Compatibility Named Pipe.
[[0;32m  OK  [0m] Listening on /dev/initctl Compatibility Named Pipe.
[   29.634228] systemd[1]: Listening on Device-mapper event daemon FIFOs.
[[0;32m  OK  [0m] Listening on Device-mapper event daemon FIFOs.
[   29.717594] systemd[1]: Reached target Swap.
[[0;32m  OK  [0m] Reached target Swap.
[   29.733735] systemd[1]: Reached target Encrypted Volumes.
[[0;32m  OK  [0m] Reached target Encrypted Volumes.
[   29.813937] systemd[1]: Set up automount Arbitrary Executable File Formats File System Automount Point.
[[0;32m  OK  [0m] Set up automount Arbitrary Executab...ats File System Automount Point.
[   29.901730] systemd[1]: Listening on Journal Audit Socket.
[[0;32m  OK  [0m] Listening on Journal Audit Socket.
[   29.904132] systemd[1]: Created slice User and Session Slice.
[[0;32m  OK  [0m] Created slice User and Session Slice.
[   29.941661] systemd[1]: Reached target Slices.
[[0;32m  OK  [0m] Reached target Slices.
[   29.965581] systemd[1]: Started Forward Password Requests to Wall Directory Watch.
[[0;32m  OK  [0m] Started Forward Password Requests to Wall Directory Watch.
[   30.006197] systemd[1]: Listening on udev Control Socket.
[[0;32m  OK  [0m] Listening on udev Control Socket.
[   30.059707] systemd[1]: Listening on udev Kernel Socket.
[[0;32m  OK  [0m] Listening on udev Kernel Socket.
[   30.086095] systemd[1]: Listening on Syslog Socket.
[[0;32m  OK  [0m] Listening on Syslog Socket.
[   30.087861] systemd[1]: Listening on Journal Socket (/dev/log).
[[0;32m  OK  [0m] Listening on Journal Socket (/dev/log).
[   30.153650] systemd[1]: Listening on Journal Socket.
[[0;32m  OK  [0m] Listening on Journal Socket.
[   30.202146] systemd[1]: Starting Uncomplicated firewall...
         Starting Uncomplicated firewall...
[   30.269725] systemd[1]: Mounting Huge Pages File System...
         Mounting Huge Pages File System...
[   30.321660] systemd[1]: Starting Set console keymap...
         Starting Set console keymap...
[   30.350618] systemd[1]: Starting Nameserver information manager...
         Starting Nameserver information manager...
[   30.409630] systemd[1]: Mounting Debug File System...
         Mounting Debug File System...
[   30.442427] systemd[1]: Starting Journal Service...
         Starting Journal Service...
[   30.491147] systemd[1]: Starting Remount Root and Kernel File Systems...
[   30.493611] EXT4-fs (sda1): re-mounted. Opts: (null)
         Starting Remount Root and Kernel File Systems...
[   30.574140] systemd[1]: Starting Load Kernel Modules...
         Startin[   30.610098] Loading iSCSI transport class v2.0-870.
g Load Kernel Modules...
[   30.645834] random: nonblocking pool is initialized
[   31.317912] systemd[1]: Starting Create list of required static device nodes for the current kernel...
         Startin[   31.372755] iscsi: registered transport (tcp)
g Create list of required st... nodes for the current kernel...
[   31.407737] systemd[1]: Listening on LVM2 metadata daemon socket.
[[0;32m  OK  [[   31.412239] iscsi: registered transport (iser)
0m] Listening on LVM2 metadata daemon socket.
[   31.485700] systemd[1]: Starting Monitoring of LVM2 mirrors, snapshots etc. using dmeventd or progress polling...
         Starting Monitoring of LVM2 mirrors... dmeventd or progress polling...
[   31.518933] systemd[1]: Started Trigger resolvconf update for networkd DNS.
[[0;32m  OK  [0m] Started Trigger resolvconf update for networkd DNS.
[   31.577482] systemd[1]: Mounting POSIX Message Queue File System...
         Mounting POSIX Message Queue File System...
[   31.608816] systemd[1]: Mounted POSIX Message Queue File System.
[[0;32m  OK  [0m] Mounted POSIX Message Queue File System.
[   31.679355] systemd[1]: Mounted Debug File System.
[[0;32m  OK  [0m] Mounted Debug File System.
[   31.718125] systemd[1]: Mounted Huge Pages File System.
[[0;32m  OK  [0m] Mounted Huge Pages File System.
[   31.777724] systemd[1]: Started Journal Service.
[[0;32m  OK  [0m] Started Journal Service.
[[0;32m  OK  [0m] Started Uncomplicated firewall.
[[0;32m  OK  [0m] Started Set console keymap.
[[0;32m  OK  [0m] Started Remount Root and Kernel File Systems.
[[0;32m  OK  [0m] Started Load Kernel Modules.
[[0;32m  OK  [0m] Started Create list of required sta...ce nodes for the current kernel.
[[0;32m  OK  [0m] Started Nameserver information manager.
[[0;32m  OK  [0m] Started LVM2 metadata daemon.
         Starting Create Static Device Nodes in /dev...
         Starting Apply Kernel Variables...
         Mounting FUSE Control File System...
         Starting Initial cloud-init job (pre-networking)...
         Starting Load/Save Random Seed...
         Starting udev Coldplug all Devices...
         Starting Flush Journal to Persistent Storage...
[[0;32m  OK  [0m] Mounted FUSE Control File System.
[[0;32m  OK  [0m] Started Create Static Device Nodes in /dev.
[[0;32m  OK  [0m] Started Apply Kernel Variables.
[[0;32m  OK  [0m] Started Load/Save Random Seed.
[[0;32m  OK  [0m] Started Monitoring of LVM2 mirrors,...ng dmeventd or progress polling.
[[0;32m  OK  [0m] Started udev Coldplug all Devices.
[[0;32m  OK  [0m] Started Flush Journal to Persistent Storage.
         Starting udev Kernel Device Manager...
[[0;32m  OK  [0m] Started udev Kernel Device Manager.
[[0;32m  OK  [0m] Started Dispatch Password Requests to Console Directory Watch.
[[0;32m  OK  [0m] Reached target Local File Systems (Pre).
[[0;32m  OK  [0m] Reached target Local File Systems.
         Starting Create Volatile Files and Directories...
         Starting Set console font and keymap...
         Starting LSB: AppArmor initialization...
         Starting Tell Plymouth To Write Out Runtime Data...
[[0;32m  OK  [0m] Started Create Volatile Files and Directories.
[[0;32m  OK  [0m] Started Tell Plymouth To Write Out Runtime Data.
[[0;32m  OK  [0m] Found device /dev/ttyS0.
         Starting Update UTMP about System Boot/Shutdown...
[   21.484336] [cloud-init[0;32m  OK  [0m[447]: ] Cloud-init v. 17.1 running 'init-local' at Thu, 14 Dec 2017 07:57:27 +0000. Up 20.90 seconds.Reached target System Time Synchronized.

[[0;32m  OK  [0m] Started LSB: AppArmor initialization.
[[0;32m  OK  [0m] Started Set console font and keymap.
[[0;32m  OK  [0m] Started Initial cloud-init job (pre-networking).
[[0;32m  OK  [0m] Started Update UTMP about System Boot/Shutdown.
[[0;32m  OK  [0m] Listening on Load/Save RF Kill Switch Status /dev/rfkill Watch.
[[0;32m  OK  [0m] Reached target Network (Pre).
[[0;32m  OK  [0m] Started ifup for enp0s8.
[[0;32m  OK  [0m] Started ifup for enp0s3.
[[0;32m  OK  [0m] Created slice system-getty.slice.
         Starting Raise network interfaces...
[[0;32m  OK  [0m] Found device 82540EM Gigabit Ethern...r (PRO/1000 MT Desktop Adapter).
[[0;32m  OK  [0m] Found device 82540EM Gigabit Ethern...r (PRO/1000 MT Desktop Adapter).
[[0;32m  OK  [0m] Started Raise network interfaces.
[[0;32m  OK  [0m] Reached target Network.
         Starting Initial cloud-init job (metadata service crawler)...
[   24.578675] cloud-init[1047]: Cloud-init v. 17.1 running 'init' at Thu, 14 Dec 2017 07:57:30 +0000. Up 24.31 seconds.
[   24.629068] cloud-init[1047]: ci-info: ++++++++++++++++++++++++++++++++++++++Net device info++++++++++++++++++++++++++++++++++++++
[   24.729061] cloud-init[1047]: ci-info: +--------+------+-----------------------------+---------------+-------+-------------------+
[[0;32m  OK  [0m] Started Initial cloud-init job (metadata service crawler).
[[   24.870257] cloud-init[1047]: ci-info: | Device |  Up  |           Address           |      Mask     | Scope |     Hw-Address    |
[   24.890115] cloud-init[1047]: ci-info: +--------+------+-----------------------------+---------------+-------+-------------------+
[0;32m  OK  [0m] Reached target Cloud-config availability.
[   24.890225] cloud-init[1047]: ci-info: | enp0s3 | True |          10.0.2.15          | 255.255.255.0 |   .   | 02:44:03:e3:22:ab |
[   25.164777] cloud-init[1047]: ci-info: | enp0s3 | True |  fe80::44:3ff:fee3:22ab/64  |       .       |  link | 02:44:03:e3:22:ab |
[[0;32m  OK  [0m] Reached target System Initialization.
         [   25.164965] Starting Socket activation for snappy daemon.cloud-init
[1047]: ci-info: | enp0s8 | True |         192.168.8.40        | 255.255.255.0 |   .   | 08:00:27:26:4b:02 |
[   25.289730] cloud-init[1047]: ci-info: | enp0s8 | True | fe80::a00:27ff:fe26:4b02/64 |       .       |  link | 08:00:27:26:4b:02 |
[   25.290020] cloud-init[1047]: ci-info: |   lo   | True |          127.0.0.1          |   255.0.0.0   |   .   |         .         |
[   25.290207] cloud-init[1047]: ci-info: |   lo   | True |           ::1/128           |       .       |  host |         .         |
[   25.290342] cloud-init[1047]: ci-info: +--------+------+-----------------------------+---------------+-------+-------------------+
[   25.290487] cloud-init[1047]: ci-info: +++++++++++++++++++++++++++Route IPv4 info++++++++++++++++++++++++++++
[   25.290637] cloud-init[1047]: ci-info: +-------+-------------+----------+---------------+-----------+-------+
[   25.290786] cloud-init[1047]: ci-info: | Route | Destination | Gateway  |    Genmask    | Interface | Flags |
[   25.290934] cloud-init[1047]: ci-info: +-------+-------------+----------+---------------+-----------+-------+
[   25.291089] cloud-init[1047]: ci-info: |   0   |   0.0.0.0   | 10.0.2.2 |    0.0.0.0    |   enp0s3  |   UG  |
[   25.291224] cloud-init[1047]: ci-info: |   1   |   10.0.2.0  | 0.0.0.0  | 255.255.255.0 |   enp0s3  |   U   |
[   25.291365] cloud-init[1047]: ci-info: |   2   | 192.168.8.0 | 0.0.0.0  | 255.255.255.0 |   enp0s8  |   U   |
[   25.291506] cloud-init[1047]: ci-info: +-------+-------------+----------+---------------+-----------+-------+
         Starting LXD - unix socket.
[[0;32m  OK  [0m] Listening on ACPID Listen Socket.
[[0;32m  OK  [0m] Listening on UUID daemon activation socket.
[[0;32m  OK  [0m] Started ACPI Events Check.
[[0;32m  OK  [0m] Reached target Paths.
[[0;32m  OK  [0m] Listening on D-Bus System Message Bus Socket.
[[0;32m  OK  [0m] Started Daily Cleanup of Temporary Directories.
[[0;32m  OK  [0m] Started Timer to automatically refresh installed snaps.
[[0;32m  OK  [0m] Reached target Network is Online.
         Starting iSCSI initiator daemon (iscsid)...
[[0;32m  OK  [0m] Started Daily apt download activities.
[[0;32m  OK  [0m] Started Daily apt upgrade and clean activities.
[[0;32m  OK  [0m] Reached target Timers.
[[0;32m  OK  [0m] Listening on Socket activation for snappy daemon.
[[0;32m  OK  [0m] Listening on LXD - unix socket.
[[0;32m  OK  [0m] Started iSCSI initiator daemon (iscsid).
         Starting Login to default iSCSI targets...
[[0;32m  OK  [0m] Reached target Sockets.
[[0;32m  OK  [0m] Reached target Basic System.
[[0;32m  OK  [0m] Started ACPI event daemon.
         Starting LSB: Record successful boot for GRUB...
         Starting System Logging Service...
[[0;32m  OK  [0m] Started Deferred execution scheduler.
         Starting LSB: MD monitoring daemon...
         Starting OpenBSD Secure Shell server...
[[0;32m  OK  [0m] Started Regular background program processing daemon.
         Starting Login Service...
         Starting /etc/rc.local Compatibility...
         Starting Snappy daemon...
         Starting Apply the settings specified in cloud-config...
         Starting LXD - container startup/shutdown...
         Starting Accounts Service...
[[0;32m  OK  [0m] Started Unattended Upgrades Shutdown.
[[0;32m  OK  [0m] Started D-Bus System Message Bus.
[[0;32m  OK  [0m] Started FUSE filesystem for LXC.
[[0;32m  OK  [0m] Started System Logging Service.
[[0;32m  OK  [0m] Started OpenBSD Secure Shell server.
[[0;32m  OK  [0m] Started Snappy daemon.
[[0;32m  OK  [0m] Started /etc/rc.local Compatibility.
[[0;32m  OK  [0m] Started LXD - container startup/shutdown.
[   27.590137] cloud-init[1144]: Cloud-init v. 17.1 running 'modules:config' at Thu, 14 Dec 2017 07:57:33 +0000. Up 27.48 seconds.
[[0;32m  OK  [0m] Started Apply the settings specified in cloud-config.
[[0;32m  OK  [0m] Started Login to default iSCSI targets.
[[0;32m  OK  [0m] Started LSB: Record successful boot for GRUB.
[[0;32m  OK  [0m] Started LSB: MD monitoring daemon.
[[0;32m  OK  [0m] Started Login Service.
         Starting Authenticate and Authorize Users to Run Privileged Tasks...
[[0;32m  OK  [0m] Reached target Remote File Systems (Pre).
[[0;32m  OK  [0m] Reached target Remote File Systems.
         Starting LSB: automatic crash report generation...
         Starting LSB: Set the CPU Frequency Scaling governor to "ondemand"...
         Starting LSB: daemon to balance interrupts for SMP systems...
         Starting Permit User Sessions...
         Starting LSB: VirtualBox Linux Additions...
[[0;32m  OK  [0m] Started Permit User Sessions.
[[0;32m  OK  [0m] Started Authenticate and Authorize Users to Run Privileged Tasks.
[[0;32m  OK  [0m] Started Accounts Service.
[[0;32m  OK  [0m] Started LSB: Set the CPU Frequency Scaling governor to "ondemand".
[[0;32m  OK  [0m] Started LSB: automatic crash report generation.
[[0;32m  OK  [0m] Started LSB: daemon to balance interrupts for SMP systems.
[[0;32m  OK  [0m] Created slice User Slice of ubuntu.
         Starting User Manager for UID 1000...
[[0;32m  OK  [0m] Started Session 1 of user ubuntu.
         Starting Terminate Plymouth Boot Screen...
         Starting Hold until boot process finishes up...
[[0;32m  OK  [0m] Started User Manager for UID 1000.
[[0;32m  OK  [0m] Started LSB: VirtualBox Linux Additions.
[[0;32m  OK  [0m] Started Terminate Plymouth Boot Screen.
[[0;32m  OK  [0m] Started Hold until boot process finishes up.
[[0;32m  OK  [0m] Started Serial Getty on ttyS0.
[[0;32m  OK  [0m] Started Getty on tty1.
[[0;32m  OK  [0m] Reached target Login Prompts.
         Starting Set console scheme...
[[0;32m  OK  [0m] Reached target Multi-User System.
         Starting Execute cloud user/final scripts...
[[0;32m  OK  [0m] Reached target Graphical Interface.
         Starting Update UTMP about System Runlevel Changes...
[[0;32m  OK  [0m] Started Set console scheme.
[[0;32m  OK  [0m] Started Update UTMP about System Runlevel Changes.
[   29.466061] cloud-init[1287]: Cloud-init v. 17.1 running 'modules:final' at Thu, 14 Dec 2017 07:57:35 +0000. Up 29.34 seconds.
[   29.556717] cloud-init[1287]: Cloud-init v. 17.1 finished at Thu, 14 Dec 2017 07:57:35 +0000. Datasource DataSourceNoCloud [seed=/dev/sdb][dsmode=net].  Up 29.46 seconds
[[0;32m  OK  [0m] Started Execute cloud user/final scripts.
[[0;32m  OK  [0m] Reached target Cloud-init target.

Ubuntu 16.04.3 LTS netdata ttyS0

netdata login: [[0;32m  OK  [0m] Closed LoadS         Stopping LSB: VirtualBox Linux Additions...
         Stopping OpenBSD Secure Shell server...
         Stopping D-Bus System Message Bus...
         Stopping LXD - container startup/shutdown...
         Stopping Session 4 of user ubuntu.
         Stopping LSB: MD monitoring daemon...
         Stopping Real time performance monitoring...
         Stopping Regular background program processing daemon...
         Stopping Unattended Upgrades Shutdown...
[[0;32m  OK  [0m] Unmounted /var/lib/lxcfs.
[[0;32m  OK  [0m] Stopped ACPI event daemon.
[[0;32m  OK  [0m] Stopped System Logging Service.
[[0;32m  OK  [0m] Stopped Deferred execution scheduler.
[[0;32m  OK  [0m] Stopped OpenBSD Secure Shell server.
[[0;32m  OK  [0m] Stopped Regular background program processing daemon.
[[0;32m  OK  [0m] Stopped Snappy daemon.
[[0;32m  OK  [0m] Stopped Accounts Service.
[[0;32m  OK  [0m] Stopped Authenticate and Authorize Users to Run Privileged Tasks.
[[0;32m  OK  [0m] Stopped Serial Getty on ttyS0.
[[0;32m  OK  [0m] Stopped Getty on tty1.
[[0;32m  OK  [0m] Stopped Real time performance monitoring.
[[0;32m  OK  [0m] Stopped Daemon for generating UUIDs.
[[0;32m  OK  [0m] Stopped User Manager for UID 1000.
[[0;32m  OK  [0m] Stopped D-Bus System Message Bus.
[[0;32m  OK  [0m] Stopped Session 4 of user ubuntu.
[[0;32m  OK  [0m] Stopped Unattended Upgrades Shutdown.
[[0;32m  OK  [0m] Stopped FUSE filesystem for LXC.
[[0;32m  OK  [0m] Stopped LSB: Set the CPU Frequency Scaling governor to "ondemand".
[[0;32m  OK  [0m] Stopped LSB: daemon to balance interrupts for SMP systems.
[[0;32m  OK  [0m] Stopped LSB: VirtualBox Linux Additions.
[[0;32m  OK  [0m] Stopped LSB: Record successful boot for GRUB.
[[0;32m  OK  [0m] Stopped LSB: automatic crash report generation.
[[0;32m  OK  [0m] Stopped LXD - container startup/shutdown.
[[0;32m  OK  [0m] Stopped LSB: MD monitoring daemon.
[[0;32m  OK  [0m] Removed slice User Slice of ubuntu.
         Stopping Login Service...
[[0;32m  OK  [0m] Removed slice system-getty.slice.
         Stopping Permit User Sessions...
[[0;32m  OK  [0m] Removed slice system-serial\x2dgetty.slice.
[[0;32m  OK  [0m] Stopped /etc/rc.local Compatibility.
[[0;32m  OK  [0m] Stopped Login Service.
[[0;32m  OK  [0m] Stopped Permit User Sessions.
[[0;32m  OK  [0m] Stopped target Remote File Systems.
[[0;32m  OK  [0m] Stopped target Remote File Systems (Pre).
         Stopping Login to default iSCSI targets...
[[0;32m  OK  [0m] Stopped target Basic System.
[[0;32m  OK  [0m] Stopped target Slices.
[[0;32m  OK  [0m] Stopped target Sockets.
[[0;32m  OK  [0m] Closed Syslog Socket.
[[0;32m  OK  [0m] Closed Socket activation for snappy daemon.
[[0;32m  OK  [0m] Closed LXD - unix socket.
[[0;32m  OK  [0m] Closed UUID daemon activation socket.
[[0;32m  OK  [0m] Closed ACPID Listen Socket.
[[0;32m  OK  [0m] Stopped target Paths.
[[0;32m  OK  [0m] Stopped Forward Password Requests to Wall Directory Watch.
[[0;32m  OK  [0m] Stopped ACPI Events Check.
[[0;32m  OK  [0m] Stopped Dispatch Password Requests to Console Directory Watch.
[[0;32m  OK  [0m] Closed D-Bus System Message Bus Socket.
[[0;32m  OK  [0m] Stopped target System Initialization.
         Stopping Update UTMP about System Boot/Shutdown...
[[0;32m  OK  [0m] Stopped target Encrypted Volumes.
[[0;32m  OK  [0m] Stopped target Swap.
         Stopping Load/Save Random Seed...
[[0;32m  OK  [0m] Removed slice User and Session Slice.
[[0;32m  OK  [0m] Stopped target User and Group Name Lookups.
[[0;32m  OK  [0m] Stopped Load/Save Random Seed.
[[0;32m  OK  [0m] Stopped Login to default iSCSI targets.
[[0;32m  OK  [0m] Stopped Update UTMP about System Boot/Shutdown.
[[0;32m  OK  [0m] Stopped Create Volatile Files and Directories.
         Stopping iSCSI initiator daemon (iscsid)...
[[0;32m  OK  [0m] Stopped iSCSI initiator daemon (iscsid).
[[0;32m  OK  [0m] Stopped target Network is Online.
[[0;32m  OK  [0m] Stopped target Network.
[[0;32m  OK  [0m] Stopped Initial cloud-init job (metadata service crawler).
         Stopping Raise network interfaces...
[[0;32m  OK  [0m] Stopped Raise network interfaces.
[[0;32m  OK  [0m] Stopped Apply Kernel Variables.
[[0;32m  OK  [0m] Stopped Load Kernel Modules.
[[0;32m  OK  [0m] Stopped target Network (Pre).
[[0;32m  OK  [0m] Stopped Initial cloud-init job (pre-networking).
[[0;32m  OK  [0m] Stopped target Local File Systems.
         Unmounting /vagrant...
         Unmounting /run/user/1000...
[[0;32m  OK  [0m] Unmounted /vagrant.
[[0;32m  OK  [0m] Unmounted /run/user/1000.
[[0;32m  OK  [0m] Reached target Unmount All Filesystems.
[[0;32m  OK  [0m] Stopped target Local File Systems (Pre).
         Stopping Monitoring of LVM2 mirrors... dmeventd or progress polling...
[[0;32m  OK  [0m] Stopped Remount Root and Kernel File Systems.
[[0;32m  OK  [0m] Stopped Create Static Device Nodes in /dev.
[[0;32m  OK  [0m] Reached target Shutdown.
[ 134.0059rebo: wedo
